#-----------------------------------------------------------
# Vivado v2016.2 (64-bit)
# SW Build 1577090 on Thu Jun  2 16:32:40 MDT 2016
# IP Build 1577682 on Fri Jun  3 12:00:54 MDT 2016
# Start of session at: Wed Dec 07 13:28:37 2016
# Process ID: 4080
# Current directory: C:/Users/ckenner/Desktop/CPE133-NoWinningAllowed-Finale/CPE133-NoWinningAllowed-Finale/Finale
# Command line: vivado.exe -gui_launcher_event rodinguilauncherevent5332 C:\Users\ckenner\Desktop\CPE133-NoWinningAllowed-Finale\CPE133-NoWinningAllowed-Finale\Finale\Finale.xpr
# Log file: C:/Users/ckenner/Desktop/CPE133-NoWinningAllowed-Finale/CPE133-NoWinningAllowed-Finale/Finale/vivado.log
# Journal file: C:/Users/ckenner/Desktop/CPE133-NoWinningAllowed-Finale/CPE133-NoWinningAllowed-Finale/Finale\vivado.jou
#-----------------------------------------------------------
start_gui
open_project C:/Users/ckenner/Desktop/CPE133-NoWinningAllowed-Finale/CPE133-NoWinningAllowed-Finale/Finale/Finale.xpr
INFO: [ProjectBase 1-489] The host OS only allows 260 characters in a normal path. The project is stored in a path with more than 80 characters. If you experience issues with IP, Block Designs, or files not being found, please consider moving the project to a location with a shorter path. Alternately consider using the OS subst command to map part of the path to a drive letter.
Current project path is 'C:/Users/ckenner/Desktop/CPE133-NoWinningAllowed-Finale/CPE133-NoWinningAllowed-Finale/Finale'
Scanning sources...
Finished scanning sources
WARNING: [filemgmt 56-3] IPUserFilesDir: Could not find the directory 'C:/Users/ckenner/Desktop/CPE133-NoWinningAllowed-Finale/CPE133-NoWinningAllowed-Finale/Finale/Finale.ip_user_files'.
INFO: [IP_Flow 19-234] Refreshing IP repositories
INFO: [IP_Flow 19-1704] No user IP repositories specified
INFO: [IP_Flow 19-2313] Loaded Vivado IP repository 'C:/Xilinx/Vivado/2016.2/data/ip'.
open_project: Time (s): cpu = 00:00:13 ; elapsed = 00:00:13 . Memory (MB): peak = 706.359 ; gain = 65.238
update_compile_order -fileset sources_1
add_files -norecurse C:/Users/ckenner/Desktop/CPE133-NoWinningAllowed-Finale/CPE133-NoWinningAllowed-Finale/VHDL_FILES/End_Driver.vhd
update_compile_order -fileset sources_1
update_compile_order -fileset sources_1
update_compile_order -fileset sources_1
synth_design -rtl -name rtl_1
Command: synth_design -rtl -name rtl_1
Starting synth_design
Using part: xc7a35tcpg236-1
Top: State_Machine_Wrapper
---------------------------------------------------------------------------------
Starting RTL Elaboration : Time (s): cpu = 00:01:37 ; elapsed = 00:13:20 . Memory (MB): peak = 806.945 ; gain = 598.965
---------------------------------------------------------------------------------
INFO: [Synth 8-638] synthesizing module 'State_Machine_Wrapper' [C:/Users/ckenner/Desktop/CPE133-NoWinningAllowed-Finale/CPE133-NoWinningAllowed-Finale/VHDL_FILES/State_Machine_Wrapper.vhd:23]
INFO: [Synth 8-3491] module 'button_splitter' declared at 'C:/Users/ckenner/Desktop/CPE133-NoWinningAllowed-Finale/CPE133-NoWinningAllowed-Finale/VHDL_FILES/button_splitter.vhd:34' bound to instance 'button_module' of component 'button_splitter' [C:/Users/ckenner/Desktop/CPE133-NoWinningAllowed-Finale/CPE133-NoWinningAllowed-Finale/VHDL_FILES/State_Machine_Wrapper.vhd:148]
INFO: [Synth 8-638] synthesizing module 'button_splitter' [C:/Users/ckenner/Desktop/CPE133-NoWinningAllowed-Finale/CPE133-NoWinningAllowed-Finale/VHDL_FILES/button_splitter.vhd:40]
INFO: [Synth 8-3491] module 'Button' declared at 'C:/Users/ckenner/Desktop/CPE133-NoWinningAllowed-Finale/CPE133-NoWinningAllowed-Finale/VHDL_FILES/Button.vhd:17' bound to instance 'LeftButton' of component 'Button' [C:/Users/ckenner/Desktop/CPE133-NoWinningAllowed-Finale/CPE133-NoWinningAllowed-Finale/VHDL_FILES/button_splitter.vhd:52]
INFO: [Synth 8-638] synthesizing module 'Button' [C:/Users/ckenner/Desktop/CPE133-NoWinningAllowed-Finale/CPE133-NoWinningAllowed-Finale/VHDL_FILES/Button.vhd:23]
INFO: [Synth 8-256] done synthesizing module 'Button' (1#1) [C:/Users/ckenner/Desktop/CPE133-NoWinningAllowed-Finale/CPE133-NoWinningAllowed-Finale/VHDL_FILES/Button.vhd:23]
INFO: [Synth 8-3491] module 'Button' declared at 'C:/Users/ckenner/Desktop/CPE133-NoWinningAllowed-Finale/CPE133-NoWinningAllowed-Finale/VHDL_FILES/Button.vhd:17' bound to instance 'centerButton' of component 'Button' [C:/Users/ckenner/Desktop/CPE133-NoWinningAllowed-Finale/CPE133-NoWinningAllowed-Finale/VHDL_FILES/button_splitter.vhd:53]
INFO: [Synth 8-3491] module 'Button' declared at 'C:/Users/ckenner/Desktop/CPE133-NoWinningAllowed-Finale/CPE133-NoWinningAllowed-Finale/VHDL_FILES/Button.vhd:17' bound to instance 'rightButton' of component 'Button' [C:/Users/ckenner/Desktop/CPE133-NoWinningAllowed-Finale/CPE133-NoWinningAllowed-Finale/VHDL_FILES/button_splitter.vhd:54]
WARNING: [Synth 8-614] signal 'sample2' is read in the process but is not in the sensitivity list [C:/Users/ckenner/Desktop/CPE133-NoWinningAllowed-Finale/CPE133-NoWinningAllowed-Finale/VHDL_FILES/button_splitter.vhd:56]
WARNING: [Synth 8-614] signal 'sample1' is read in the process but is not in the sensitivity list [C:/Users/ckenner/Desktop/CPE133-NoWinningAllowed-Finale/CPE133-NoWinningAllowed-Finale/VHDL_FILES/button_splitter.vhd:56]
WARNING: [Synth 8-614] signal 'sample3' is read in the process but is not in the sensitivity list [C:/Users/ckenner/Desktop/CPE133-NoWinningAllowed-Finale/CPE133-NoWinningAllowed-Finale/VHDL_FILES/button_splitter.vhd:56]
INFO: [Synth 8-256] done synthesizing module 'button_splitter' (2#1) [C:/Users/ckenner/Desktop/CPE133-NoWinningAllowed-Finale/CPE133-NoWinningAllowed-Finale/VHDL_FILES/button_splitter.vhd:40]
INFO: [Synth 8-3491] module 'button_input' declared at 'C:/Users/ckenner/Desktop/CPE133-NoWinningAllowed-Finale/CPE133-NoWinningAllowed-Finale/VHDL_FILES/button_input.vhd:34' bound to instance 'button_press_driver' of component 'button_input' [C:/Users/ckenner/Desktop/CPE133-NoWinningAllowed-Finale/CPE133-NoWinningAllowed-Finale/VHDL_FILES/State_Machine_Wrapper.vhd:152]
INFO: [Synth 8-638] synthesizing module 'button_input' [C:/Users/ckenner/Desktop/CPE133-NoWinningAllowed-Finale/CPE133-NoWinningAllowed-Finale/VHDL_FILES/button_input.vhd:44]
WARNING: [Synth 8-614] signal 'current_state' is read in the process but is not in the sensitivity list [C:/Users/ckenner/Desktop/CPE133-NoWinningAllowed-Finale/CPE133-NoWinningAllowed-Finale/VHDL_FILES/button_input.vhd:48]
INFO: [Synth 8-256] done synthesizing module 'button_input' (3#1) [C:/Users/ckenner/Desktop/CPE133-NoWinningAllowed-Finale/CPE133-NoWinningAllowed-Finale/VHDL_FILES/button_input.vhd:44]
INFO: [Synth 8-3491] module 'Game_Module' declared at 'C:/Users/ckenner/Desktop/CPE133-NoWinningAllowed-Finale/CPE133-NoWinningAllowed-Finale/VHDL_FILES/Game_Module.vhd:21' bound to instance 'actual_game_module' of component 'Game_Module' [C:/Users/ckenner/Desktop/CPE133-NoWinningAllowed-Finale/CPE133-NoWinningAllowed-Finale/VHDL_FILES/State_Machine_Wrapper.vhd:159]
INFO: [Synth 8-638] synthesizing module 'Game_Module' [C:/Users/ckenner/Desktop/CPE133-NoWinningAllowed-Finale/CPE133-NoWinningAllowed-Finale/VHDL_FILES/Game_Module.vhd:36]
INFO: [Synth 8-3491] module 'Pattern_Gen' declared at 'C:/Users/ckenner/Desktop/CPE133-NoWinningAllowed-Finale/CPE133-NoWinningAllowed-Finale/VHDL_FILES/Pattern_Gen.vhd:22' bound to instance 'PatternSystem' of component 'Pattern_Gen' [C:/Users/ckenner/Desktop/CPE133-NoWinningAllowed-Finale/CPE133-NoWinningAllowed-Finale/VHDL_FILES/Game_Module.vhd:99]
INFO: [Synth 8-638] synthesizing module 'Pattern_Gen' [C:/Users/ckenner/Desktop/CPE133-NoWinningAllowed-Finale/CPE133-NoWinningAllowed-Finale/VHDL_FILES/Pattern_Gen.vhd:28]
INFO: [Synth 8-256] done synthesizing module 'Pattern_Gen' (4#1) [C:/Users/ckenner/Desktop/CPE133-NoWinningAllowed-Finale/CPE133-NoWinningAllowed-Finale/VHDL_FILES/Pattern_Gen.vhd:28]
INFO: [Synth 8-3491] module 'Trap' declared at 'C:/Users/ckenner/Desktop/CPE133-NoWinningAllowed-Finale/CPE133-NoWinningAllowed-Finale/VHDL_FILES/Trap.vhd:18' bound to instance 'TrapSystem' of component 'Trap' [C:/Users/ckenner/Desktop/CPE133-NoWinningAllowed-Finale/CPE133-NoWinningAllowed-Finale/VHDL_FILES/Game_Module.vhd:100]
INFO: [Synth 8-638] synthesizing module 'Trap' [C:/Users/ckenner/Desktop/CPE133-NoWinningAllowed-Finale/CPE133-NoWinningAllowed-Finale/VHDL_FILES/Trap.vhd:27]
INFO: [Synth 8-256] done synthesizing module 'Trap' (5#1) [C:/Users/ckenner/Desktop/CPE133-NoWinningAllowed-Finale/CPE133-NoWinningAllowed-Finale/VHDL_FILES/Trap.vhd:27]
INFO: [Synth 8-3491] module 'Comparator' declared at 'C:/Users/ckenner/Desktop/CPE133-NoWinningAllowed-Finale/CPE133-NoWinningAllowed-Finale/VHDL_FILES/Comparator.vhd:21' bound to instance 'CompareSystem' of component 'Comparator' [C:/Users/ckenner/Desktop/CPE133-NoWinningAllowed-Finale/CPE133-NoWinningAllowed-Finale/VHDL_FILES/Game_Module.vhd:101]
INFO: [Synth 8-638] synthesizing module 'Comparator' [C:/Users/ckenner/Desktop/CPE133-NoWinningAllowed-Finale/CPE133-NoWinningAllowed-Finale/VHDL_FILES/Comparator.vhd:29]
WARNING: [Synth 8-614] signal 'reset' is read in the process but is not in the sensitivity list [C:/Users/ckenner/Desktop/CPE133-NoWinningAllowed-Finale/CPE133-NoWinningAllowed-Finale/VHDL_FILES/Comparator.vhd:40]
INFO: [Synth 8-256] done synthesizing module 'Comparator' (6#1) [C:/Users/ckenner/Desktop/CPE133-NoWinningAllowed-Finale/CPE133-NoWinningAllowed-Finale/VHDL_FILES/Comparator.vhd:29]
INFO: [Synth 8-3491] module 'Binary_to_BCD' declared at 'C:/Users/ckenner/Desktop/CPE133-NoWinningAllowed-Finale/CPE133-NoWinningAllowed-Finale/VHDL_FILES/Binary_to_BCD.vhd:15' bound to instance 'ConvertToBCD' of component 'Binary_to_BCD' [C:/Users/ckenner/Desktop/CPE133-NoWinningAllowed-Finale/CPE133-NoWinningAllowed-Finale/VHDL_FILES/Game_Module.vhd:102]
INFO: [Synth 8-638] synthesizing module 'Binary_to_BCD' [C:/Users/ckenner/Desktop/CPE133-NoWinningAllowed-Finale/CPE133-NoWinningAllowed-Finale/VHDL_FILES/Binary_to_BCD.vhd:25]
WARNING: [Synth 8-3848] Net sseg_enable in module/entity Binary_to_BCD does not have driver. [C:/Users/ckenner/Desktop/CPE133-NoWinningAllowed-Finale/CPE133-NoWinningAllowed-Finale/VHDL_FILES/Binary_to_BCD.vhd:22]
INFO: [Synth 8-256] done synthesizing module 'Binary_to_BCD' (7#1) [C:/Users/ckenner/Desktop/CPE133-NoWinningAllowed-Finale/CPE133-NoWinningAllowed-Finale/VHDL_FILES/Binary_to_BCD.vhd:25]
INFO: [Synth 8-3491] module 'Timer' declared at 'C:/Users/ckenner/Desktop/CPE133-NoWinningAllowed-Finale/CPE133-NoWinningAllowed-Finale/VHDL_FILES/Timer.vhd:34' bound to instance 'CountdownTimer' of component 'Timer' [C:/Users/ckenner/Desktop/CPE133-NoWinningAllowed-Finale/CPE133-NoWinningAllowed-Finale/VHDL_FILES/Game_Module.vhd:103]
INFO: [Synth 8-638] synthesizing module 'Timer' [C:/Users/ckenner/Desktop/CPE133-NoWinningAllowed-Finale/CPE133-NoWinningAllowed-Finale/VHDL_FILES/Timer.vhd:42]
WARNING: [Synth 8-614] signal 'difficulty' is read in the process but is not in the sensitivity list [C:/Users/ckenner/Desktop/CPE133-NoWinningAllowed-Finale/CPE133-NoWinningAllowed-Finale/VHDL_FILES/Timer.vhd:52]
WARNING: [Synth 8-614] signal 'easy' is read in the process but is not in the sensitivity list [C:/Users/ckenner/Desktop/CPE133-NoWinningAllowed-Finale/CPE133-NoWinningAllowed-Finale/VHDL_FILES/Timer.vhd:52]
WARNING: [Synth 8-614] signal 'medium' is read in the process but is not in the sensitivity list [C:/Users/ckenner/Desktop/CPE133-NoWinningAllowed-Finale/CPE133-NoWinningAllowed-Finale/VHDL_FILES/Timer.vhd:52]
WARNING: [Synth 8-614] signal 'hard' is read in the process but is not in the sensitivity list [C:/Users/ckenner/Desktop/CPE133-NoWinningAllowed-Finale/CPE133-NoWinningAllowed-Finale/VHDL_FILES/Timer.vhd:52]
INFO: [Synth 8-256] done synthesizing module 'Timer' (8#1) [C:/Users/ckenner/Desktop/CPE133-NoWinningAllowed-Finale/CPE133-NoWinningAllowed-Finale/VHDL_FILES/Timer.vhd:42]
INFO: [Synth 8-256] done synthesizing module 'Game_Module' (9#1) [C:/Users/ckenner/Desktop/CPE133-NoWinningAllowed-Finale/CPE133-NoWinningAllowed-Finale/VHDL_FILES/Game_Module.vhd:36]
INFO: [Synth 8-3491] module 'SSEG_Select' declared at 'C:/Users/ckenner/Desktop/CPE133-NoWinningAllowed-Finale/CPE133-NoWinningAllowed-Finale/VHDL_FILES/SSEG_Select.vhd:13' bound to instance 'Seven_Segment_Driver' of component 'SSEG_Select' [C:/Users/ckenner/Desktop/CPE133-NoWinningAllowed-Finale/CPE133-NoWinningAllowed-Finale/VHDL_FILES/State_Machine_Wrapper.vhd:173]
INFO: [Synth 8-638] synthesizing module 'SSEG_Select' [C:/Users/ckenner/Desktop/CPE133-NoWinningAllowed-Finale/CPE133-NoWinningAllowed-Finale/VHDL_FILES/SSEG_Select.vhd:37]
WARNING: [Synth 8-614] signal 'init_word0' is read in the process but is not in the sensitivity list [C:/Users/ckenner/Desktop/CPE133-NoWinningAllowed-Finale/CPE133-NoWinningAllowed-Finale/VHDL_FILES/SSEG_Select.vhd:40]
WARNING: [Synth 8-614] signal 'init_word1' is read in the process but is not in the sensitivity list [C:/Users/ckenner/Desktop/CPE133-NoWinningAllowed-Finale/CPE133-NoWinningAllowed-Finale/VHDL_FILES/SSEG_Select.vhd:40]
WARNING: [Synth 8-614] signal 'init_word2' is read in the process but is not in the sensitivity list [C:/Users/ckenner/Desktop/CPE133-NoWinningAllowed-Finale/CPE133-NoWinningAllowed-Finale/VHDL_FILES/SSEG_Select.vhd:40]
WARNING: [Synth 8-614] signal 'init_word3' is read in the process but is not in the sensitivity list [C:/Users/ckenner/Desktop/CPE133-NoWinningAllowed-Finale/CPE133-NoWinningAllowed-Finale/VHDL_FILES/SSEG_Select.vhd:40]
WARNING: [Synth 8-614] signal 'dif_word0' is read in the process but is not in the sensitivity list [C:/Users/ckenner/Desktop/CPE133-NoWinningAllowed-Finale/CPE133-NoWinningAllowed-Finale/VHDL_FILES/SSEG_Select.vhd:40]
WARNING: [Synth 8-614] signal 'dif_word1' is read in the process but is not in the sensitivity list [C:/Users/ckenner/Desktop/CPE133-NoWinningAllowed-Finale/CPE133-NoWinningAllowed-Finale/VHDL_FILES/SSEG_Select.vhd:40]
WARNING: [Synth 8-614] signal 'dif_word2' is read in the process but is not in the sensitivity list [C:/Users/ckenner/Desktop/CPE133-NoWinningAllowed-Finale/CPE133-NoWinningAllowed-Finale/VHDL_FILES/SSEG_Select.vhd:40]
WARNING: [Synth 8-614] signal 'dif_word3' is read in the process but is not in the sensitivity list [C:/Users/ckenner/Desktop/CPE133-NoWinningAllowed-Finale/CPE133-NoWinningAllowed-Finale/VHDL_FILES/SSEG_Select.vhd:40]
WARNING: [Synth 8-614] signal 'game_word0' is read in the process but is not in the sensitivity list [C:/Users/ckenner/Desktop/CPE133-NoWinningAllowed-Finale/CPE133-NoWinningAllowed-Finale/VHDL_FILES/SSEG_Select.vhd:40]
WARNING: [Synth 8-614] signal 'game_word1' is read in the process but is not in the sensitivity list [C:/Users/ckenner/Desktop/CPE133-NoWinningAllowed-Finale/CPE133-NoWinningAllowed-Finale/VHDL_FILES/SSEG_Select.vhd:40]
WARNING: [Synth 8-614] signal 'game_word2' is read in the process but is not in the sensitivity list [C:/Users/ckenner/Desktop/CPE133-NoWinningAllowed-Finale/CPE133-NoWinningAllowed-Finale/VHDL_FILES/SSEG_Select.vhd:40]
WARNING: [Synth 8-614] signal 'game_word3' is read in the process but is not in the sensitivity list [C:/Users/ckenner/Desktop/CPE133-NoWinningAllowed-Finale/CPE133-NoWinningAllowed-Finale/VHDL_FILES/SSEG_Select.vhd:40]
WARNING: [Synth 8-614] signal 'end_word0' is read in the process but is not in the sensitivity list [C:/Users/ckenner/Desktop/CPE133-NoWinningAllowed-Finale/CPE133-NoWinningAllowed-Finale/VHDL_FILES/SSEG_Select.vhd:40]
WARNING: [Synth 8-614] signal 'end_word1' is read in the process but is not in the sensitivity list [C:/Users/ckenner/Desktop/CPE133-NoWinningAllowed-Finale/CPE133-NoWinningAllowed-Finale/VHDL_FILES/SSEG_Select.vhd:40]
WARNING: [Synth 8-614] signal 'end_word2' is read in the process but is not in the sensitivity list [C:/Users/ckenner/Desktop/CPE133-NoWinningAllowed-Finale/CPE133-NoWinningAllowed-Finale/VHDL_FILES/SSEG_Select.vhd:40]
WARNING: [Synth 8-614] signal 'end_word3' is read in the process but is not in the sensitivity list [C:/Users/ckenner/Desktop/CPE133-NoWinningAllowed-Finale/CPE133-NoWinningAllowed-Finale/VHDL_FILES/SSEG_Select.vhd:40]
INFO: [Synth 8-256] done synthesizing module 'SSEG_Select' (10#1) [C:/Users/ckenner/Desktop/CPE133-NoWinningAllowed-Finale/CPE133-NoWinningAllowed-Finale/VHDL_FILES/SSEG_Select.vhd:37]
INFO: [Synth 8-3491] module 'Game_State_Machine' declared at 'C:/Users/ckenner/Desktop/CPE133-NoWinningAllowed-Finale/CPE133-NoWinningAllowed-Finale/VHDL_FILES/Game_State_Machine.vhd:34' bound to instance 'game' of component 'Game_State_Machine' [C:/Users/ckenner/Desktop/CPE133-NoWinningAllowed-Finale/CPE133-NoWinningAllowed-Finale/VHDL_FILES/State_Machine_Wrapper.vhd:199]
INFO: [Synth 8-638] synthesizing module 'Game_State_Machine' [C:/Users/ckenner/Desktop/CPE133-NoWinningAllowed-Finale/CPE133-NoWinningAllowed-Finale/VHDL_FILES/Game_State_Machine.vhd:45]
INFO: [Synth 8-226] default block is never used [C:/Users/ckenner/Desktop/CPE133-NoWinningAllowed-Finale/CPE133-NoWinningAllowed-Finale/VHDL_FILES/Game_State_Machine.vhd:65]
WARNING: [Synth 8-614] signal 'initialize_button_in' is read in the process but is not in the sensitivity list [C:/Users/ckenner/Desktop/CPE133-NoWinningAllowed-Finale/CPE133-NoWinningAllowed-Finale/VHDL_FILES/Game_State_Machine.vhd:62]
WARNING: [Synth 8-614] signal 'selected_difficulty' is read in the process but is not in the sensitivity list [C:/Users/ckenner/Desktop/CPE133-NoWinningAllowed-Finale/CPE133-NoWinningAllowed-Finale/VHDL_FILES/Game_State_Machine.vhd:62]
WARNING: [Synth 8-614] signal 'game_over' is read in the process but is not in the sensitivity list [C:/Users/ckenner/Desktop/CPE133-NoWinningAllowed-Finale/CPE133-NoWinningAllowed-Finale/VHDL_FILES/Game_State_Machine.vhd:62]
WARNING: [Synth 8-3848] Net activate_difficulty_select in module/entity Game_State_Machine does not have driver. [C:/Users/ckenner/Desktop/CPE133-NoWinningAllowed-Finale/CPE133-NoWinningAllowed-Finale/VHDL_FILES/Game_State_Machine.vhd:39]
INFO: [Synth 8-256] done synthesizing module 'Game_State_Machine' (11#1) [C:/Users/ckenner/Desktop/CPE133-NoWinningAllowed-Finale/CPE133-NoWinningAllowed-Finale/VHDL_FILES/Game_State_Machine.vhd:45]
INFO: [Synth 8-3491] module 'button_fsm' declared at 'C:/Users/ckenner/Desktop/CPE133-NoWinningAllowed-Finale/CPE133-NoWinningAllowed-Finale/VHDL_FILES/button_fsm.vhd:6' bound to instance 'dif_select' of component 'button_fsm' [C:/Users/ckenner/Desktop/CPE133-NoWinningAllowed-Finale/CPE133-NoWinningAllowed-Finale/VHDL_FILES/State_Machine_Wrapper.vhd:207]
INFO: [Synth 8-638] synthesizing module 'button_fsm' [C:/Users/ckenner/Desktop/CPE133-NoWinningAllowed-Finale/CPE133-NoWinningAllowed-Finale/VHDL_FILES/button_fsm.vhd:17]
WARNING: [Synth 8-614] signal 'choice' is read in the process but is not in the sensitivity list [C:/Users/ckenner/Desktop/CPE133-NoWinningAllowed-Finale/CPE133-NoWinningAllowed-Finale/VHDL_FILES/button_fsm.vhd:39]
WARNING: [Synth 8-614] signal 'easy_bitmask' is read in the process but is not in the sensitivity list [C:/Users/ckenner/Desktop/CPE133-NoWinningAllowed-Finale/CPE133-NoWinningAllowed-Finale/VHDL_FILES/button_fsm.vhd:39]
WARNING: [Synth 8-614] signal 'medium_bitmask' is read in the process but is not in the sensitivity list [C:/Users/ckenner/Desktop/CPE133-NoWinningAllowed-Finale/CPE133-NoWinningAllowed-Finale/VHDL_FILES/button_fsm.vhd:39]
WARNING: [Synth 8-614] signal 'hard_bitmask' is read in the process but is not in the sensitivity list [C:/Users/ckenner/Desktop/CPE133-NoWinningAllowed-Finale/CPE133-NoWinningAllowed-Finale/VHDL_FILES/button_fsm.vhd:39]
INFO: [Synth 8-256] done synthesizing module 'button_fsm' (12#1) [C:/Users/ckenner/Desktop/CPE133-NoWinningAllowed-Finale/CPE133-NoWinningAllowed-Finale/VHDL_FILES/button_fsm.vhd:17]
INFO: [Synth 8-3491] module 'End_Driver' declared at 'C:/Users/ckenner/Desktop/CPE133-NoWinningAllowed-Finale/CPE133-NoWinningAllowed-Finale/VHDL_FILES/End_Driver.vhd:5' bound to instance 'end_state_driver' of component 'End_Driver' [C:/Users/ckenner/Desktop/CPE133-NoWinningAllowed-Finale/CPE133-NoWinningAllowed-Finale/VHDL_FILES/State_Machine_Wrapper.vhd:217]
INFO: [Synth 8-638] synthesizing module 'End_Driver' [C:/Users/ckenner/Desktop/CPE133-NoWinningAllowed-Finale/CPE133-NoWinningAllowed-Finale/VHDL_FILES/End_Driver.vhd:12]
WARNING: [Synth 8-614] signal 'win' is read in the process but is not in the sensitivity list [C:/Users/ckenner/Desktop/CPE133-NoWinningAllowed-Finale/CPE133-NoWinningAllowed-Finale/VHDL_FILES/End_Driver.vhd:16]
WARNING: [Synth 8-614] signal 'lose' is read in the process but is not in the sensitivity list [C:/Users/ckenner/Desktop/CPE133-NoWinningAllowed-Finale/CPE133-NoWinningAllowed-Finale/VHDL_FILES/End_Driver.vhd:16]
INFO: [Synth 8-256] done synthesizing module 'End_Driver' (13#1) [C:/Users/ckenner/Desktop/CPE133-NoWinningAllowed-Finale/CPE133-NoWinningAllowed-Finale/VHDL_FILES/End_Driver.vhd:12]
INFO: [Synth 8-3491] module 'Generate_Word' declared at 'C:/Users/ckenner/Desktop/CPE133-NoWinningAllowed-Finale/CPE133-NoWinningAllowed-Finale/VHDL_FILES/Display_Word.vhd:5' bound to instance 'Generate_Word_Init' of component 'Generate_Word' [C:/Users/ckenner/Desktop/CPE133-NoWinningAllowed-Finale/CPE133-NoWinningAllowed-Finale/VHDL_FILES/State_Machine_Wrapper.vhd:229]
INFO: [Synth 8-638] synthesizing module 'Generate_Word' [C:/Users/ckenner/Desktop/CPE133-NoWinningAllowed-Finale/CPE133-NoWinningAllowed-Finale/VHDL_FILES/Display_Word.vhd:15]
INFO: [Synth 8-3491] module 'Word_Key' declared at 'C:/Users/ckenner/Desktop/CPE133-NoWinningAllowed-Finale/CPE133-NoWinningAllowed-Finale/VHDL_FILES/Word_Key.vhd:5' bound to instance 'Key_Map' of component 'Word_Key' [C:/Users/ckenner/Desktop/CPE133-NoWinningAllowed-Finale/CPE133-NoWinningAllowed-Finale/VHDL_FILES/Display_Word.vhd:33]
INFO: [Synth 8-638] synthesizing module 'Word_Key' [C:/Users/ckenner/Desktop/CPE133-NoWinningAllowed-Finale/CPE133-NoWinningAllowed-Finale/VHDL_FILES/Word_Key.vhd:18]
INFO: [Synth 8-256] done synthesizing module 'Word_Key' (14#1) [C:/Users/ckenner/Desktop/CPE133-NoWinningAllowed-Finale/CPE133-NoWinningAllowed-Finale/VHDL_FILES/Word_Key.vhd:18]
INFO: [Synth 8-256] done synthesizing module 'Generate_Word' (15#1) [C:/Users/ckenner/Desktop/CPE133-NoWinningAllowed-Finale/CPE133-NoWinningAllowed-Finale/VHDL_FILES/Display_Word.vhd:15]
INFO: [Synth 8-3491] module 'Generate_Word' declared at 'C:/Users/ckenner/Desktop/CPE133-NoWinningAllowed-Finale/CPE133-NoWinningAllowed-Finale/VHDL_FILES/Display_Word.vhd:5' bound to instance 'Generate_Word_Dif' of component 'Generate_Word' [C:/Users/ckenner/Desktop/CPE133-NoWinningAllowed-Finale/CPE133-NoWinningAllowed-Finale/VHDL_FILES/State_Machine_Wrapper.vhd:237]
INFO: [Synth 8-3491] module 'Generate_Word' declared at 'C:/Users/ckenner/Desktop/CPE133-NoWinningAllowed-Finale/CPE133-NoWinningAllowed-Finale/VHDL_FILES/Display_Word.vhd:5' bound to instance 'Generate_Word_End' of component 'Generate_Word' [C:/Users/ckenner/Desktop/CPE133-NoWinningAllowed-Finale/CPE133-NoWinningAllowed-Finale/VHDL_FILES/State_Machine_Wrapper.vhd:245]
INFO: [Synth 8-3491] module 'Display_Key' declared at 'C:/Users/ckenner/Desktop/CPE133-NoWinningAllowed-Finale/CPE133-NoWinningAllowed-Finale/VHDL_FILES/Display_Key.vhd:16' bound to instance 'SSEG_Display' of component 'Display_Key' [C:/Users/ckenner/Desktop/CPE133-NoWinningAllowed-Finale/CPE133-NoWinningAllowed-Finale/VHDL_FILES/State_Machine_Wrapper.vhd:253]
INFO: [Synth 8-638] synthesizing module 'Display_Key' [C:/Users/ckenner/Desktop/CPE133-NoWinningAllowed-Finale/CPE133-NoWinningAllowed-Finale/VHDL_FILES/Display_Key.vhd:27]
WARNING: [Synth 8-614] signal 'cen' is read in the process but is not in the sensitivity list [C:/Users/ckenner/Desktop/CPE133-NoWinningAllowed-Finale/CPE133-NoWinningAllowed-Finale/VHDL_FILES/Display_Key.vhd:69]
WARNING: [Synth 8-614] signal 'current_input' is read in the process but is not in the sensitivity list [C:/Users/ckenner/Desktop/CPE133-NoWinningAllowed-Finale/CPE133-NoWinningAllowed-Finale/VHDL_FILES/Display_Key.vhd:69]
INFO: [Synth 8-256] done synthesizing module 'Display_Key' (16#1) [C:/Users/ckenner/Desktop/CPE133-NoWinningAllowed-Finale/CPE133-NoWinningAllowed-Finale/VHDL_FILES/Display_Key.vhd:27]
INFO: [Synth 8-256] done synthesizing module 'State_Machine_Wrapper' (17#1) [C:/Users/ckenner/Desktop/CPE133-NoWinningAllowed-Finale/CPE133-NoWinningAllowed-Finale/VHDL_FILES/State_Machine_Wrapper.vhd:23]
WARNING: [Synth 8-3331] design Generate_Word has unconnected port cen
WARNING: [Synth 8-3331] design Game_State_Machine has unconnected port activate_difficulty_select
WARNING: [Synth 8-3331] design Binary_to_BCD has unconnected port sseg_enable
WARNING: [Synth 8-3331] design button_input has unconnected port clk
---------------------------------------------------------------------------------
Finished RTL Elaboration : Time (s): cpu = 00:01:38 ; elapsed = 00:13:21 . Memory (MB): peak = 821.898 ; gain = 613.918
---------------------------------------------------------------------------------

Report Check Netlist: 
+------+------------------+-------+---------+-------+------------------+
|      |Item              |Errors |Warnings |Status |Description       |
+------+------------------+-------+---------+-------+------------------+
|1     |multi_driven_nets |      0|        0|Passed |Multi driven nets |
+------+------------------+-------+---------+-------+------------------+
---------------------------------------------------------------------------------
Finished RTL Optimization Phase 1 : Time (s): cpu = 00:01:39 ; elapsed = 00:13:21 . Memory (MB): peak = 821.898 ; gain = 613.918
---------------------------------------------------------------------------------
INFO: [Device 21-403] Loading part xc7a35tcpg236-1
INFO: [Project 1-570] Preparing netlist for logic optimization

Processing XDC Constraints
Initializing timing engine
Parsing XDC File [C:/Users/ckenner/Desktop/CPE133-NoWinningAllowed-Finale/CPE133-NoWinningAllowed-Finale/VHDL_FILES/Game_Test_Const.xdc]
Finished Parsing XDC File [C:/Users/ckenner/Desktop/CPE133-NoWinningAllowed-Finale/CPE133-NoWinningAllowed-Finale/VHDL_FILES/Game_Test_Const.xdc]
Completed Processing XDC Constraints

INFO: [Opt 31-138] Pushed 0 inverter(s) to 0 load pin(s).
INFO: [Project 1-111] Unisim Transformation Summary:
No Unisim elements were transformed.

RTL Elaboration Complete:  : Time (s): cpu = 00:01:56 ; elapsed = 00:13:43 . Memory (MB): peak = 1116.457 ; gain = 908.477
59 Infos, 42 Warnings, 0 Critical Warnings and 0 Errors encountered.
synth_design completed successfully
synth_design: Time (s): cpu = 00:00:25 ; elapsed = 00:00:29 . Memory (MB): peak = 1116.457 ; gain = 370.516
close_design
synth_design -rtl -name rtl_1
Command: synth_design -rtl -name rtl_1
Starting synth_design
Using part: xc7a35tcpg236-1
Top: State_Machine_Wrapper
---------------------------------------------------------------------------------
Starting RTL Elaboration : Time (s): cpu = 00:02:40 ; elapsed = 00:21:09 . Memory (MB): peak = 1116.457 ; gain = 908.477
---------------------------------------------------------------------------------
INFO: [Synth 8-638] synthesizing module 'State_Machine_Wrapper' [C:/Users/ckenner/Desktop/CPE133-NoWinningAllowed-Finale/CPE133-NoWinningAllowed-Finale/VHDL_FILES/State_Machine_Wrapper.vhd:24]
WARNING: [Synth 8-614] signal 'pattern_adj' is read in the process but is not in the sensitivity list [C:/Users/ckenner/Desktop/CPE133-NoWinningAllowed-Finale/CPE133-NoWinningAllowed-Finale/VHDL_FILES/State_Machine_Wrapper.vhd:152]
INFO: [Synth 8-3491] module 'button_splitter' declared at 'C:/Users/ckenner/Desktop/CPE133-NoWinningAllowed-Finale/CPE133-NoWinningAllowed-Finale/VHDL_FILES/button_splitter.vhd:34' bound to instance 'button_module' of component 'button_splitter' [C:/Users/ckenner/Desktop/CPE133-NoWinningAllowed-Finale/CPE133-NoWinningAllowed-Finale/VHDL_FILES/State_Machine_Wrapper.vhd:163]
INFO: [Synth 8-638] synthesizing module 'button_splitter' [C:/Users/ckenner/Desktop/CPE133-NoWinningAllowed-Finale/CPE133-NoWinningAllowed-Finale/VHDL_FILES/button_splitter.vhd:40]
INFO: [Synth 8-3491] module 'Button' declared at 'C:/Users/ckenner/Desktop/CPE133-NoWinningAllowed-Finale/CPE133-NoWinningAllowed-Finale/VHDL_FILES/Button.vhd:17' bound to instance 'LeftButton' of component 'Button' [C:/Users/ckenner/Desktop/CPE133-NoWinningAllowed-Finale/CPE133-NoWinningAllowed-Finale/VHDL_FILES/button_splitter.vhd:52]
INFO: [Synth 8-638] synthesizing module 'Button' [C:/Users/ckenner/Desktop/CPE133-NoWinningAllowed-Finale/CPE133-NoWinningAllowed-Finale/VHDL_FILES/Button.vhd:23]
INFO: [Synth 8-256] done synthesizing module 'Button' (1#1) [C:/Users/ckenner/Desktop/CPE133-NoWinningAllowed-Finale/CPE133-NoWinningAllowed-Finale/VHDL_FILES/Button.vhd:23]
INFO: [Synth 8-3491] module 'Button' declared at 'C:/Users/ckenner/Desktop/CPE133-NoWinningAllowed-Finale/CPE133-NoWinningAllowed-Finale/VHDL_FILES/Button.vhd:17' bound to instance 'centerButton' of component 'Button' [C:/Users/ckenner/Desktop/CPE133-NoWinningAllowed-Finale/CPE133-NoWinningAllowed-Finale/VHDL_FILES/button_splitter.vhd:53]
INFO: [Synth 8-3491] module 'Button' declared at 'C:/Users/ckenner/Desktop/CPE133-NoWinningAllowed-Finale/CPE133-NoWinningAllowed-Finale/VHDL_FILES/Button.vhd:17' bound to instance 'rightButton' of component 'Button' [C:/Users/ckenner/Desktop/CPE133-NoWinningAllowed-Finale/CPE133-NoWinningAllowed-Finale/VHDL_FILES/button_splitter.vhd:54]
WARNING: [Synth 8-614] signal 'sample2' is read in the process but is not in the sensitivity list [C:/Users/ckenner/Desktop/CPE133-NoWinningAllowed-Finale/CPE133-NoWinningAllowed-Finale/VHDL_FILES/button_splitter.vhd:56]
WARNING: [Synth 8-614] signal 'sample1' is read in the process but is not in the sensitivity list [C:/Users/ckenner/Desktop/CPE133-NoWinningAllowed-Finale/CPE133-NoWinningAllowed-Finale/VHDL_FILES/button_splitter.vhd:56]
WARNING: [Synth 8-614] signal 'sample3' is read in the process but is not in the sensitivity list [C:/Users/ckenner/Desktop/CPE133-NoWinningAllowed-Finale/CPE133-NoWinningAllowed-Finale/VHDL_FILES/button_splitter.vhd:56]
INFO: [Synth 8-256] done synthesizing module 'button_splitter' (2#1) [C:/Users/ckenner/Desktop/CPE133-NoWinningAllowed-Finale/CPE133-NoWinningAllowed-Finale/VHDL_FILES/button_splitter.vhd:40]
INFO: [Synth 8-3491] module 'button_input' declared at 'C:/Users/ckenner/Desktop/CPE133-NoWinningAllowed-Finale/CPE133-NoWinningAllowed-Finale/VHDL_FILES/button_input.vhd:34' bound to instance 'button_press_driver' of component 'button_input' [C:/Users/ckenner/Desktop/CPE133-NoWinningAllowed-Finale/CPE133-NoWinningAllowed-Finale/VHDL_FILES/State_Machine_Wrapper.vhd:167]
INFO: [Synth 8-638] synthesizing module 'button_input' [C:/Users/ckenner/Desktop/CPE133-NoWinningAllowed-Finale/CPE133-NoWinningAllowed-Finale/VHDL_FILES/button_input.vhd:44]
WARNING: [Synth 8-614] signal 'current_state' is read in the process but is not in the sensitivity list [C:/Users/ckenner/Desktop/CPE133-NoWinningAllowed-Finale/CPE133-NoWinningAllowed-Finale/VHDL_FILES/button_input.vhd:48]
INFO: [Synth 8-256] done synthesizing module 'button_input' (3#1) [C:/Users/ckenner/Desktop/CPE133-NoWinningAllowed-Finale/CPE133-NoWinningAllowed-Finale/VHDL_FILES/button_input.vhd:44]
INFO: [Synth 8-3491] module 'Game_Module' declared at 'C:/Users/ckenner/Desktop/CPE133-NoWinningAllowed-Finale/CPE133-NoWinningAllowed-Finale/VHDL_FILES/Game_Module.vhd:21' bound to instance 'actual_game_module' of component 'Game_Module' [C:/Users/ckenner/Desktop/CPE133-NoWinningAllowed-Finale/CPE133-NoWinningAllowed-Finale/VHDL_FILES/State_Machine_Wrapper.vhd:174]
INFO: [Synth 8-638] synthesizing module 'Game_Module' [C:/Users/ckenner/Desktop/CPE133-NoWinningAllowed-Finale/CPE133-NoWinningAllowed-Finale/VHDL_FILES/Game_Module.vhd:36]
INFO: [Synth 8-3491] module 'Pattern_Gen' declared at 'C:/Users/ckenner/Desktop/CPE133-NoWinningAllowed-Finale/CPE133-NoWinningAllowed-Finale/VHDL_FILES/Pattern_Gen.vhd:22' bound to instance 'PatternSystem' of component 'Pattern_Gen' [C:/Users/ckenner/Desktop/CPE133-NoWinningAllowed-Finale/CPE133-NoWinningAllowed-Finale/VHDL_FILES/Game_Module.vhd:99]
INFO: [Synth 8-638] synthesizing module 'Pattern_Gen' [C:/Users/ckenner/Desktop/CPE133-NoWinningAllowed-Finale/CPE133-NoWinningAllowed-Finale/VHDL_FILES/Pattern_Gen.vhd:28]
INFO: [Synth 8-256] done synthesizing module 'Pattern_Gen' (4#1) [C:/Users/ckenner/Desktop/CPE133-NoWinningAllowed-Finale/CPE133-NoWinningAllowed-Finale/VHDL_FILES/Pattern_Gen.vhd:28]
INFO: [Synth 8-3491] module 'Trap' declared at 'C:/Users/ckenner/Desktop/CPE133-NoWinningAllowed-Finale/CPE133-NoWinningAllowed-Finale/VHDL_FILES/Trap.vhd:18' bound to instance 'TrapSystem' of component 'Trap' [C:/Users/ckenner/Desktop/CPE133-NoWinningAllowed-Finale/CPE133-NoWinningAllowed-Finale/VHDL_FILES/Game_Module.vhd:100]
INFO: [Synth 8-638] synthesizing module 'Trap' [C:/Users/ckenner/Desktop/CPE133-NoWinningAllowed-Finale/CPE133-NoWinningAllowed-Finale/VHDL_FILES/Trap.vhd:27]
INFO: [Synth 8-256] done synthesizing module 'Trap' (5#1) [C:/Users/ckenner/Desktop/CPE133-NoWinningAllowed-Finale/CPE133-NoWinningAllowed-Finale/VHDL_FILES/Trap.vhd:27]
INFO: [Synth 8-3491] module 'Comparator' declared at 'C:/Users/ckenner/Desktop/CPE133-NoWinningAllowed-Finale/CPE133-NoWinningAllowed-Finale/VHDL_FILES/Comparator.vhd:21' bound to instance 'CompareSystem' of component 'Comparator' [C:/Users/ckenner/Desktop/CPE133-NoWinningAllowed-Finale/CPE133-NoWinningAllowed-Finale/VHDL_FILES/Game_Module.vhd:101]
INFO: [Synth 8-638] synthesizing module 'Comparator' [C:/Users/ckenner/Desktop/CPE133-NoWinningAllowed-Finale/CPE133-NoWinningAllowed-Finale/VHDL_FILES/Comparator.vhd:29]
WARNING: [Synth 8-614] signal 'reset' is read in the process but is not in the sensitivity list [C:/Users/ckenner/Desktop/CPE133-NoWinningAllowed-Finale/CPE133-NoWinningAllowed-Finale/VHDL_FILES/Comparator.vhd:40]
INFO: [Synth 8-256] done synthesizing module 'Comparator' (6#1) [C:/Users/ckenner/Desktop/CPE133-NoWinningAllowed-Finale/CPE133-NoWinningAllowed-Finale/VHDL_FILES/Comparator.vhd:29]
INFO: [Synth 8-3491] module 'Binary_to_BCD' declared at 'C:/Users/ckenner/Desktop/CPE133-NoWinningAllowed-Finale/CPE133-NoWinningAllowed-Finale/VHDL_FILES/Binary_to_BCD.vhd:15' bound to instance 'ConvertToBCD' of component 'Binary_to_BCD' [C:/Users/ckenner/Desktop/CPE133-NoWinningAllowed-Finale/CPE133-NoWinningAllowed-Finale/VHDL_FILES/Game_Module.vhd:102]
INFO: [Synth 8-638] synthesizing module 'Binary_to_BCD' [C:/Users/ckenner/Desktop/CPE133-NoWinningAllowed-Finale/CPE133-NoWinningAllowed-Finale/VHDL_FILES/Binary_to_BCD.vhd:25]
WARNING: [Synth 8-3848] Net sseg_enable in module/entity Binary_to_BCD does not have driver. [C:/Users/ckenner/Desktop/CPE133-NoWinningAllowed-Finale/CPE133-NoWinningAllowed-Finale/VHDL_FILES/Binary_to_BCD.vhd:22]
INFO: [Synth 8-256] done synthesizing module 'Binary_to_BCD' (7#1) [C:/Users/ckenner/Desktop/CPE133-NoWinningAllowed-Finale/CPE133-NoWinningAllowed-Finale/VHDL_FILES/Binary_to_BCD.vhd:25]
INFO: [Synth 8-3491] module 'Timer' declared at 'C:/Users/ckenner/Desktop/CPE133-NoWinningAllowed-Finale/CPE133-NoWinningAllowed-Finale/VHDL_FILES/Timer.vhd:34' bound to instance 'CountdownTimer' of component 'Timer' [C:/Users/ckenner/Desktop/CPE133-NoWinningAllowed-Finale/CPE133-NoWinningAllowed-Finale/VHDL_FILES/Game_Module.vhd:103]
INFO: [Synth 8-638] synthesizing module 'Timer' [C:/Users/ckenner/Desktop/CPE133-NoWinningAllowed-Finale/CPE133-NoWinningAllowed-Finale/VHDL_FILES/Timer.vhd:42]
WARNING: [Synth 8-614] signal 'difficulty' is read in the process but is not in the sensitivity list [C:/Users/ckenner/Desktop/CPE133-NoWinningAllowed-Finale/CPE133-NoWinningAllowed-Finale/VHDL_FILES/Timer.vhd:52]
WARNING: [Synth 8-614] signal 'easy' is read in the process but is not in the sensitivity list [C:/Users/ckenner/Desktop/CPE133-NoWinningAllowed-Finale/CPE133-NoWinningAllowed-Finale/VHDL_FILES/Timer.vhd:52]
WARNING: [Synth 8-614] signal 'medium' is read in the process but is not in the sensitivity list [C:/Users/ckenner/Desktop/CPE133-NoWinningAllowed-Finale/CPE133-NoWinningAllowed-Finale/VHDL_FILES/Timer.vhd:52]
WARNING: [Synth 8-614] signal 'hard' is read in the process but is not in the sensitivity list [C:/Users/ckenner/Desktop/CPE133-NoWinningAllowed-Finale/CPE133-NoWinningAllowed-Finale/VHDL_FILES/Timer.vhd:52]
INFO: [Synth 8-256] done synthesizing module 'Timer' (8#1) [C:/Users/ckenner/Desktop/CPE133-NoWinningAllowed-Finale/CPE133-NoWinningAllowed-Finale/VHDL_FILES/Timer.vhd:42]
INFO: [Synth 8-256] done synthesizing module 'Game_Module' (9#1) [C:/Users/ckenner/Desktop/CPE133-NoWinningAllowed-Finale/CPE133-NoWinningAllowed-Finale/VHDL_FILES/Game_Module.vhd:36]
INFO: [Synth 8-3491] module 'SSEG_Select' declared at 'C:/Users/ckenner/Desktop/CPE133-NoWinningAllowed-Finale/CPE133-NoWinningAllowed-Finale/VHDL_FILES/SSEG_Select.vhd:13' bound to instance 'Seven_Segment_Driver' of component 'SSEG_Select' [C:/Users/ckenner/Desktop/CPE133-NoWinningAllowed-Finale/CPE133-NoWinningAllowed-Finale/VHDL_FILES/State_Machine_Wrapper.vhd:188]
INFO: [Synth 8-638] synthesizing module 'SSEG_Select' [C:/Users/ckenner/Desktop/CPE133-NoWinningAllowed-Finale/CPE133-NoWinningAllowed-Finale/VHDL_FILES/SSEG_Select.vhd:37]
WARNING: [Synth 8-614] signal 'init_word0' is read in the process but is not in the sensitivity list [C:/Users/ckenner/Desktop/CPE133-NoWinningAllowed-Finale/CPE133-NoWinningAllowed-Finale/VHDL_FILES/SSEG_Select.vhd:40]
WARNING: [Synth 8-614] signal 'init_word1' is read in the process but is not in the sensitivity list [C:/Users/ckenner/Desktop/CPE133-NoWinningAllowed-Finale/CPE133-NoWinningAllowed-Finale/VHDL_FILES/SSEG_Select.vhd:40]
WARNING: [Synth 8-614] signal 'init_word2' is read in the process but is not in the sensitivity list [C:/Users/ckenner/Desktop/CPE133-NoWinningAllowed-Finale/CPE133-NoWinningAllowed-Finale/VHDL_FILES/SSEG_Select.vhd:40]
WARNING: [Synth 8-614] signal 'init_word3' is read in the process but is not in the sensitivity list [C:/Users/ckenner/Desktop/CPE133-NoWinningAllowed-Finale/CPE133-NoWinningAllowed-Finale/VHDL_FILES/SSEG_Select.vhd:40]
WARNING: [Synth 8-614] signal 'dif_word0' is read in the process but is not in the sensitivity list [C:/Users/ckenner/Desktop/CPE133-NoWinningAllowed-Finale/CPE133-NoWinningAllowed-Finale/VHDL_FILES/SSEG_Select.vhd:40]
WARNING: [Synth 8-614] signal 'dif_word1' is read in the process but is not in the sensitivity list [C:/Users/ckenner/Desktop/CPE133-NoWinningAllowed-Finale/CPE133-NoWinningAllowed-Finale/VHDL_FILES/SSEG_Select.vhd:40]
WARNING: [Synth 8-614] signal 'dif_word2' is read in the process but is not in the sensitivity list [C:/Users/ckenner/Desktop/CPE133-NoWinningAllowed-Finale/CPE133-NoWinningAllowed-Finale/VHDL_FILES/SSEG_Select.vhd:40]
WARNING: [Synth 8-614] signal 'dif_word3' is read in the process but is not in the sensitivity list [C:/Users/ckenner/Desktop/CPE133-NoWinningAllowed-Finale/CPE133-NoWinningAllowed-Finale/VHDL_FILES/SSEG_Select.vhd:40]
WARNING: [Synth 8-614] signal 'game_word0' is read in the process but is not in the sensitivity list [C:/Users/ckenner/Desktop/CPE133-NoWinningAllowed-Finale/CPE133-NoWinningAllowed-Finale/VHDL_FILES/SSEG_Select.vhd:40]
WARNING: [Synth 8-614] signal 'game_word1' is read in the process but is not in the sensitivity list [C:/Users/ckenner/Desktop/CPE133-NoWinningAllowed-Finale/CPE133-NoWinningAllowed-Finale/VHDL_FILES/SSEG_Select.vhd:40]
WARNING: [Synth 8-614] signal 'game_word2' is read in the process but is not in the sensitivity list [C:/Users/ckenner/Desktop/CPE133-NoWinningAllowed-Finale/CPE133-NoWinningAllowed-Finale/VHDL_FILES/SSEG_Select.vhd:40]
WARNING: [Synth 8-614] signal 'game_word3' is read in the process but is not in the sensitivity list [C:/Users/ckenner/Desktop/CPE133-NoWinningAllowed-Finale/CPE133-NoWinningAllowed-Finale/VHDL_FILES/SSEG_Select.vhd:40]
WARNING: [Synth 8-614] signal 'end_word0' is read in the process but is not in the sensitivity list [C:/Users/ckenner/Desktop/CPE133-NoWinningAllowed-Finale/CPE133-NoWinningAllowed-Finale/VHDL_FILES/SSEG_Select.vhd:40]
WARNING: [Synth 8-614] signal 'end_word1' is read in the process but is not in the sensitivity list [C:/Users/ckenner/Desktop/CPE133-NoWinningAllowed-Finale/CPE133-NoWinningAllowed-Finale/VHDL_FILES/SSEG_Select.vhd:40]
WARNING: [Synth 8-614] signal 'end_word2' is read in the process but is not in the sensitivity list [C:/Users/ckenner/Desktop/CPE133-NoWinningAllowed-Finale/CPE133-NoWinningAllowed-Finale/VHDL_FILES/SSEG_Select.vhd:40]
WARNING: [Synth 8-614] signal 'end_word3' is read in the process but is not in the sensitivity list [C:/Users/ckenner/Desktop/CPE133-NoWinningAllowed-Finale/CPE133-NoWinningAllowed-Finale/VHDL_FILES/SSEG_Select.vhd:40]
INFO: [Synth 8-256] done synthesizing module 'SSEG_Select' (10#1) [C:/Users/ckenner/Desktop/CPE133-NoWinningAllowed-Finale/CPE133-NoWinningAllowed-Finale/VHDL_FILES/SSEG_Select.vhd:37]
INFO: [Synth 8-3491] module 'Game_State_Machine' declared at 'C:/Users/ckenner/Desktop/CPE133-NoWinningAllowed-Finale/CPE133-NoWinningAllowed-Finale/VHDL_FILES/Game_State_Machine.vhd:34' bound to instance 'game' of component 'Game_State_Machine' [C:/Users/ckenner/Desktop/CPE133-NoWinningAllowed-Finale/CPE133-NoWinningAllowed-Finale/VHDL_FILES/State_Machine_Wrapper.vhd:214]
INFO: [Synth 8-638] synthesizing module 'Game_State_Machine' [C:/Users/ckenner/Desktop/CPE133-NoWinningAllowed-Finale/CPE133-NoWinningAllowed-Finale/VHDL_FILES/Game_State_Machine.vhd:45]
INFO: [Synth 8-226] default block is never used [C:/Users/ckenner/Desktop/CPE133-NoWinningAllowed-Finale/CPE133-NoWinningAllowed-Finale/VHDL_FILES/Game_State_Machine.vhd:65]
WARNING: [Synth 8-614] signal 'initialize_button_in' is read in the process but is not in the sensitivity list [C:/Users/ckenner/Desktop/CPE133-NoWinningAllowed-Finale/CPE133-NoWinningAllowed-Finale/VHDL_FILES/Game_State_Machine.vhd:62]
WARNING: [Synth 8-614] signal 'selected_difficulty' is read in the process but is not in the sensitivity list [C:/Users/ckenner/Desktop/CPE133-NoWinningAllowed-Finale/CPE133-NoWinningAllowed-Finale/VHDL_FILES/Game_State_Machine.vhd:62]
WARNING: [Synth 8-614] signal 'game_over' is read in the process but is not in the sensitivity list [C:/Users/ckenner/Desktop/CPE133-NoWinningAllowed-Finale/CPE133-NoWinningAllowed-Finale/VHDL_FILES/Game_State_Machine.vhd:62]
WARNING: [Synth 8-3848] Net activate_difficulty_select in module/entity Game_State_Machine does not have driver. [C:/Users/ckenner/Desktop/CPE133-NoWinningAllowed-Finale/CPE133-NoWinningAllowed-Finale/VHDL_FILES/Game_State_Machine.vhd:39]
INFO: [Synth 8-256] done synthesizing module 'Game_State_Machine' (11#1) [C:/Users/ckenner/Desktop/CPE133-NoWinningAllowed-Finale/CPE133-NoWinningAllowed-Finale/VHDL_FILES/Game_State_Machine.vhd:45]
INFO: [Synth 8-3491] module 'button_fsm' declared at 'C:/Users/ckenner/Desktop/CPE133-NoWinningAllowed-Finale/CPE133-NoWinningAllowed-Finale/VHDL_FILES/button_fsm.vhd:6' bound to instance 'dif_select' of component 'button_fsm' [C:/Users/ckenner/Desktop/CPE133-NoWinningAllowed-Finale/CPE133-NoWinningAllowed-Finale/VHDL_FILES/State_Machine_Wrapper.vhd:222]
INFO: [Synth 8-638] synthesizing module 'button_fsm' [C:/Users/ckenner/Desktop/CPE133-NoWinningAllowed-Finale/CPE133-NoWinningAllowed-Finale/VHDL_FILES/button_fsm.vhd:17]
WARNING: [Synth 8-614] signal 'choice' is read in the process but is not in the sensitivity list [C:/Users/ckenner/Desktop/CPE133-NoWinningAllowed-Finale/CPE133-NoWinningAllowed-Finale/VHDL_FILES/button_fsm.vhd:39]
WARNING: [Synth 8-614] signal 'easy_bitmask' is read in the process but is not in the sensitivity list [C:/Users/ckenner/Desktop/CPE133-NoWinningAllowed-Finale/CPE133-NoWinningAllowed-Finale/VHDL_FILES/button_fsm.vhd:39]
WARNING: [Synth 8-614] signal 'medium_bitmask' is read in the process but is not in the sensitivity list [C:/Users/ckenner/Desktop/CPE133-NoWinningAllowed-Finale/CPE133-NoWinningAllowed-Finale/VHDL_FILES/button_fsm.vhd:39]
WARNING: [Synth 8-614] signal 'hard_bitmask' is read in the process but is not in the sensitivity list [C:/Users/ckenner/Desktop/CPE133-NoWinningAllowed-Finale/CPE133-NoWinningAllowed-Finale/VHDL_FILES/button_fsm.vhd:39]
INFO: [Synth 8-256] done synthesizing module 'button_fsm' (12#1) [C:/Users/ckenner/Desktop/CPE133-NoWinningAllowed-Finale/CPE133-NoWinningAllowed-Finale/VHDL_FILES/button_fsm.vhd:17]
INFO: [Synth 8-3491] module 'End_Driver' declared at 'C:/Users/ckenner/Desktop/CPE133-NoWinningAllowed-Finale/CPE133-NoWinningAllowed-Finale/VHDL_FILES/End_Driver.vhd:5' bound to instance 'end_state_driver' of component 'End_Driver' [C:/Users/ckenner/Desktop/CPE133-NoWinningAllowed-Finale/CPE133-NoWinningAllowed-Finale/VHDL_FILES/State_Machine_Wrapper.vhd:232]
INFO: [Synth 8-638] synthesizing module 'End_Driver' [C:/Users/ckenner/Desktop/CPE133-NoWinningAllowed-Finale/CPE133-NoWinningAllowed-Finale/VHDL_FILES/End_Driver.vhd:12]
WARNING: [Synth 8-614] signal 'win' is read in the process but is not in the sensitivity list [C:/Users/ckenner/Desktop/CPE133-NoWinningAllowed-Finale/CPE133-NoWinningAllowed-Finale/VHDL_FILES/End_Driver.vhd:16]
WARNING: [Synth 8-614] signal 'lose' is read in the process but is not in the sensitivity list [C:/Users/ckenner/Desktop/CPE133-NoWinningAllowed-Finale/CPE133-NoWinningAllowed-Finale/VHDL_FILES/End_Driver.vhd:16]
INFO: [Synth 8-256] done synthesizing module 'End_Driver' (13#1) [C:/Users/ckenner/Desktop/CPE133-NoWinningAllowed-Finale/CPE133-NoWinningAllowed-Finale/VHDL_FILES/End_Driver.vhd:12]
INFO: [Synth 8-3491] module 'Generate_Word' declared at 'C:/Users/ckenner/Desktop/CPE133-NoWinningAllowed-Finale/CPE133-NoWinningAllowed-Finale/VHDL_FILES/Display_Word.vhd:5' bound to instance 'Generate_Word_Init' of component 'Generate_Word' [C:/Users/ckenner/Desktop/CPE133-NoWinningAllowed-Finale/CPE133-NoWinningAllowed-Finale/VHDL_FILES/State_Machine_Wrapper.vhd:244]
INFO: [Synth 8-638] synthesizing module 'Generate_Word' [C:/Users/ckenner/Desktop/CPE133-NoWinningAllowed-Finale/CPE133-NoWinningAllowed-Finale/VHDL_FILES/Display_Word.vhd:15]
INFO: [Synth 8-3491] module 'Word_Key' declared at 'C:/Users/ckenner/Desktop/CPE133-NoWinningAllowed-Finale/CPE133-NoWinningAllowed-Finale/VHDL_FILES/Word_Key.vhd:5' bound to instance 'Key_Map' of component 'Word_Key' [C:/Users/ckenner/Desktop/CPE133-NoWinningAllowed-Finale/CPE133-NoWinningAllowed-Finale/VHDL_FILES/Display_Word.vhd:33]
INFO: [Synth 8-638] synthesizing module 'Word_Key' [C:/Users/ckenner/Desktop/CPE133-NoWinningAllowed-Finale/CPE133-NoWinningAllowed-Finale/VHDL_FILES/Word_Key.vhd:18]
INFO: [Synth 8-256] done synthesizing module 'Word_Key' (14#1) [C:/Users/ckenner/Desktop/CPE133-NoWinningAllowed-Finale/CPE133-NoWinningAllowed-Finale/VHDL_FILES/Word_Key.vhd:18]
INFO: [Synth 8-256] done synthesizing module 'Generate_Word' (15#1) [C:/Users/ckenner/Desktop/CPE133-NoWinningAllowed-Finale/CPE133-NoWinningAllowed-Finale/VHDL_FILES/Display_Word.vhd:15]
INFO: [Synth 8-3491] module 'Generate_Word' declared at 'C:/Users/ckenner/Desktop/CPE133-NoWinningAllowed-Finale/CPE133-NoWinningAllowed-Finale/VHDL_FILES/Display_Word.vhd:5' bound to instance 'Generate_Word_Dif' of component 'Generate_Word' [C:/Users/ckenner/Desktop/CPE133-NoWinningAllowed-Finale/CPE133-NoWinningAllowed-Finale/VHDL_FILES/State_Machine_Wrapper.vhd:252]
INFO: [Synth 8-3491] module 'Generate_Word' declared at 'C:/Users/ckenner/Desktop/CPE133-NoWinningAllowed-Finale/CPE133-NoWinningAllowed-Finale/VHDL_FILES/Display_Word.vhd:5' bound to instance 'Generate_Word_End' of component 'Generate_Word' [C:/Users/ckenner/Desktop/CPE133-NoWinningAllowed-Finale/CPE133-NoWinningAllowed-Finale/VHDL_FILES/State_Machine_Wrapper.vhd:260]
INFO: [Synth 8-3491] module 'Display_Key' declared at 'C:/Users/ckenner/Desktop/CPE133-NoWinningAllowed-Finale/CPE133-NoWinningAllowed-Finale/VHDL_FILES/Display_Key.vhd:16' bound to instance 'SSEG_Display' of component 'Display_Key' [C:/Users/ckenner/Desktop/CPE133-NoWinningAllowed-Finale/CPE133-NoWinningAllowed-Finale/VHDL_FILES/State_Machine_Wrapper.vhd:268]
INFO: [Synth 8-638] synthesizing module 'Display_Key' [C:/Users/ckenner/Desktop/CPE133-NoWinningAllowed-Finale/CPE133-NoWinningAllowed-Finale/VHDL_FILES/Display_Key.vhd:27]
WARNING: [Synth 8-614] signal 'cen' is read in the process but is not in the sensitivity list [C:/Users/ckenner/Desktop/CPE133-NoWinningAllowed-Finale/CPE133-NoWinningAllowed-Finale/VHDL_FILES/Display_Key.vhd:69]
WARNING: [Synth 8-614] signal 'current_input' is read in the process but is not in the sensitivity list [C:/Users/ckenner/Desktop/CPE133-NoWinningAllowed-Finale/CPE133-NoWinningAllowed-Finale/VHDL_FILES/Display_Key.vhd:69]
INFO: [Synth 8-256] done synthesizing module 'Display_Key' (16#1) [C:/Users/ckenner/Desktop/CPE133-NoWinningAllowed-Finale/CPE133-NoWinningAllowed-Finale/VHDL_FILES/Display_Key.vhd:27]
INFO: [Synth 8-256] done synthesizing module 'State_Machine_Wrapper' (17#1) [C:/Users/ckenner/Desktop/CPE133-NoWinningAllowed-Finale/CPE133-NoWinningAllowed-Finale/VHDL_FILES/State_Machine_Wrapper.vhd:24]
WARNING: [Synth 8-3331] design Generate_Word has unconnected port cen
WARNING: [Synth 8-3331] design Game_State_Machine has unconnected port activate_difficulty_select
WARNING: [Synth 8-3331] design Binary_to_BCD has unconnected port sseg_enable
WARNING: [Synth 8-3331] design button_input has unconnected port clk
---------------------------------------------------------------------------------
Finished RTL Elaboration : Time (s): cpu = 00:02:41 ; elapsed = 00:21:11 . Memory (MB): peak = 1116.457 ; gain = 908.477
---------------------------------------------------------------------------------

Report Check Netlist: 
+------+------------------+-------+---------+-------+------------------+
|      |Item              |Errors |Warnings |Status |Description       |
+------+------------------+-------+---------+-------+------------------+
|1     |multi_driven_nets |      0|        0|Passed |Multi driven nets |
+------+------------------+-------+---------+-------+------------------+
---------------------------------------------------------------------------------
Finished RTL Optimization Phase 1 : Time (s): cpu = 00:02:42 ; elapsed = 00:21:11 . Memory (MB): peak = 1116.457 ; gain = 908.477
---------------------------------------------------------------------------------
INFO: [Project 1-570] Preparing netlist for logic optimization

Processing XDC Constraints
Initializing timing engine
Parsing XDC File [C:/Users/ckenner/Desktop/CPE133-NoWinningAllowed-Finale/CPE133-NoWinningAllowed-Finale/VHDL_FILES/Game_Test_Const.xdc]
WARNING: [Vivado 12-584] No ports matched 'pattern_adj[0]'. [C:/Users/ckenner/Desktop/CPE133-NoWinningAllowed-Finale/CPE133-NoWinningAllowed-Finale/VHDL_FILES/Game_Test_Const.xdc:1]
CRITICAL WARNING: [Common 17-55] 'set_property' expects at least one object. [C:/Users/ckenner/Desktop/CPE133-NoWinningAllowed-Finale/CPE133-NoWinningAllowed-Finale/VHDL_FILES/Game_Test_Const.xdc:1]
Resolution: If [get_<value>] was used to populate the object, check to make sure this command returns at least one valid object.
WARNING: [Vivado 12-584] No ports matched 'pattern_adj[1]'. [C:/Users/ckenner/Desktop/CPE133-NoWinningAllowed-Finale/CPE133-NoWinningAllowed-Finale/VHDL_FILES/Game_Test_Const.xdc:2]
CRITICAL WARNING: [Common 17-55] 'set_property' expects at least one object. [C:/Users/ckenner/Desktop/CPE133-NoWinningAllowed-Finale/CPE133-NoWinningAllowed-Finale/VHDL_FILES/Game_Test_Const.xdc:2]
Resolution: If [get_<value>] was used to populate the object, check to make sure this command returns at least one valid object.
WARNING: [Vivado 12-584] No ports matched 'pattern_adj[2]'. [C:/Users/ckenner/Desktop/CPE133-NoWinningAllowed-Finale/CPE133-NoWinningAllowed-Finale/VHDL_FILES/Game_Test_Const.xdc:3]
CRITICAL WARNING: [Common 17-55] 'set_property' expects at least one object. [C:/Users/ckenner/Desktop/CPE133-NoWinningAllowed-Finale/CPE133-NoWinningAllowed-Finale/VHDL_FILES/Game_Test_Const.xdc:3]
Resolution: If [get_<value>] was used to populate the object, check to make sure this command returns at least one valid object.
WARNING: [Vivado 12-584] No ports matched 'pattern_adj[3]'. [C:/Users/ckenner/Desktop/CPE133-NoWinningAllowed-Finale/CPE133-NoWinningAllowed-Finale/VHDL_FILES/Game_Test_Const.xdc:4]
CRITICAL WARNING: [Common 17-55] 'set_property' expects at least one object. [C:/Users/ckenner/Desktop/CPE133-NoWinningAllowed-Finale/CPE133-NoWinningAllowed-Finale/VHDL_FILES/Game_Test_Const.xdc:4]
Resolution: If [get_<value>] was used to populate the object, check to make sure this command returns at least one valid object.
WARNING: [Vivado 12-584] No ports matched 'pattern_adj[4]'. [C:/Users/ckenner/Desktop/CPE133-NoWinningAllowed-Finale/CPE133-NoWinningAllowed-Finale/VHDL_FILES/Game_Test_Const.xdc:5]
CRITICAL WARNING: [Common 17-55] 'set_property' expects at least one object. [C:/Users/ckenner/Desktop/CPE133-NoWinningAllowed-Finale/CPE133-NoWinningAllowed-Finale/VHDL_FILES/Game_Test_Const.xdc:5]
Resolution: If [get_<value>] was used to populate the object, check to make sure this command returns at least one valid object.
WARNING: [Vivado 12-584] No ports matched 'pattern_adj[5]'. [C:/Users/ckenner/Desktop/CPE133-NoWinningAllowed-Finale/CPE133-NoWinningAllowed-Finale/VHDL_FILES/Game_Test_Const.xdc:6]
CRITICAL WARNING: [Common 17-55] 'set_property' expects at least one object. [C:/Users/ckenner/Desktop/CPE133-NoWinningAllowed-Finale/CPE133-NoWinningAllowed-Finale/VHDL_FILES/Game_Test_Const.xdc:6]
Resolution: If [get_<value>] was used to populate the object, check to make sure this command returns at least one valid object.
WARNING: [Vivado 12-584] No ports matched 'pattern_adj[6]'. [C:/Users/ckenner/Desktop/CPE133-NoWinningAllowed-Finale/CPE133-NoWinningAllowed-Finale/VHDL_FILES/Game_Test_Const.xdc:7]
CRITICAL WARNING: [Common 17-55] 'set_property' expects at least one object. [C:/Users/ckenner/Desktop/CPE133-NoWinningAllowed-Finale/CPE133-NoWinningAllowed-Finale/VHDL_FILES/Game_Test_Const.xdc:7]
Resolution: If [get_<value>] was used to populate the object, check to make sure this command returns at least one valid object.
WARNING: [Vivado 12-584] No ports matched 'pattern_adj[7]'. [C:/Users/ckenner/Desktop/CPE133-NoWinningAllowed-Finale/CPE133-NoWinningAllowed-Finale/VHDL_FILES/Game_Test_Const.xdc:8]
CRITICAL WARNING: [Common 17-55] 'set_property' expects at least one object. [C:/Users/ckenner/Desktop/CPE133-NoWinningAllowed-Finale/CPE133-NoWinningAllowed-Finale/VHDL_FILES/Game_Test_Const.xdc:8]
Resolution: If [get_<value>] was used to populate the object, check to make sure this command returns at least one valid object.
WARNING: [Vivado 12-584] No ports matched 'pattern_adj[8]'. [C:/Users/ckenner/Desktop/CPE133-NoWinningAllowed-Finale/CPE133-NoWinningAllowed-Finale/VHDL_FILES/Game_Test_Const.xdc:9]
CRITICAL WARNING: [Common 17-55] 'set_property' expects at least one object. [C:/Users/ckenner/Desktop/CPE133-NoWinningAllowed-Finale/CPE133-NoWinningAllowed-Finale/VHDL_FILES/Game_Test_Const.xdc:9]
Resolution: If [get_<value>] was used to populate the object, check to make sure this command returns at least one valid object.
WARNING: [Vivado 12-584] No ports matched 'pattern_adj[9]'. [C:/Users/ckenner/Desktop/CPE133-NoWinningAllowed-Finale/CPE133-NoWinningAllowed-Finale/VHDL_FILES/Game_Test_Const.xdc:10]
CRITICAL WARNING: [Common 17-55] 'set_property' expects at least one object. [C:/Users/ckenner/Desktop/CPE133-NoWinningAllowed-Finale/CPE133-NoWinningAllowed-Finale/VHDL_FILES/Game_Test_Const.xdc:10]
Resolution: If [get_<value>] was used to populate the object, check to make sure this command returns at least one valid object.
WARNING: [Vivado 12-584] No ports matched 'pattern_adj[10]'. [C:/Users/ckenner/Desktop/CPE133-NoWinningAllowed-Finale/CPE133-NoWinningAllowed-Finale/VHDL_FILES/Game_Test_Const.xdc:11]
CRITICAL WARNING: [Common 17-55] 'set_property' expects at least one object. [C:/Users/ckenner/Desktop/CPE133-NoWinningAllowed-Finale/CPE133-NoWinningAllowed-Finale/VHDL_FILES/Game_Test_Const.xdc:11]
Resolution: If [get_<value>] was used to populate the object, check to make sure this command returns at least one valid object.
WARNING: [Vivado 12-584] No ports matched 'pattern_adj[11]'. [C:/Users/ckenner/Desktop/CPE133-NoWinningAllowed-Finale/CPE133-NoWinningAllowed-Finale/VHDL_FILES/Game_Test_Const.xdc:12]
CRITICAL WARNING: [Common 17-55] 'set_property' expects at least one object. [C:/Users/ckenner/Desktop/CPE133-NoWinningAllowed-Finale/CPE133-NoWinningAllowed-Finale/VHDL_FILES/Game_Test_Const.xdc:12]
Resolution: If [get_<value>] was used to populate the object, check to make sure this command returns at least one valid object.
WARNING: [Vivado 12-584] No ports matched 'pattern_adj[12]'. [C:/Users/ckenner/Desktop/CPE133-NoWinningAllowed-Finale/CPE133-NoWinningAllowed-Finale/VHDL_FILES/Game_Test_Const.xdc:13]
CRITICAL WARNING: [Common 17-55] 'set_property' expects at least one object. [C:/Users/ckenner/Desktop/CPE133-NoWinningAllowed-Finale/CPE133-NoWinningAllowed-Finale/VHDL_FILES/Game_Test_Const.xdc:13]
Resolution: If [get_<value>] was used to populate the object, check to make sure this command returns at least one valid object.
WARNING: [Vivado 12-584] No ports matched 'pattern_adj[13]'. [C:/Users/ckenner/Desktop/CPE133-NoWinningAllowed-Finale/CPE133-NoWinningAllowed-Finale/VHDL_FILES/Game_Test_Const.xdc:14]
CRITICAL WARNING: [Common 17-55] 'set_property' expects at least one object. [C:/Users/ckenner/Desktop/CPE133-NoWinningAllowed-Finale/CPE133-NoWinningAllowed-Finale/VHDL_FILES/Game_Test_Const.xdc:14]
Resolution: If [get_<value>] was used to populate the object, check to make sure this command returns at least one valid object.
WARNING: [Vivado 12-584] No ports matched 'pattern_adj[14]'. [C:/Users/ckenner/Desktop/CPE133-NoWinningAllowed-Finale/CPE133-NoWinningAllowed-Finale/VHDL_FILES/Game_Test_Const.xdc:15]
CRITICAL WARNING: [Common 17-55] 'set_property' expects at least one object. [C:/Users/ckenner/Desktop/CPE133-NoWinningAllowed-Finale/CPE133-NoWinningAllowed-Finale/VHDL_FILES/Game_Test_Const.xdc:15]
Resolution: If [get_<value>] was used to populate the object, check to make sure this command returns at least one valid object.
WARNING: [Vivado 12-584] No ports matched 'pattern_adj[15]'. [C:/Users/ckenner/Desktop/CPE133-NoWinningAllowed-Finale/CPE133-NoWinningAllowed-Finale/VHDL_FILES/Game_Test_Const.xdc:16]
CRITICAL WARNING: [Common 17-55] 'set_property' expects at least one object. [C:/Users/ckenner/Desktop/CPE133-NoWinningAllowed-Finale/CPE133-NoWinningAllowed-Finale/VHDL_FILES/Game_Test_Const.xdc:16]
Resolution: If [get_<value>] was used to populate the object, check to make sure this command returns at least one valid object.
WARNING: [Vivado 12-584] No ports matched 'pattern_adj[0]'. [C:/Users/ckenner/Desktop/CPE133-NoWinningAllowed-Finale/CPE133-NoWinningAllowed-Finale/VHDL_FILES/Game_Test_Const.xdc:35]
CRITICAL WARNING: [Common 17-55] 'set_property' expects at least one object. [C:/Users/ckenner/Desktop/CPE133-NoWinningAllowed-Finale/CPE133-NoWinningAllowed-Finale/VHDL_FILES/Game_Test_Const.xdc:35]
Resolution: If [get_<value>] was used to populate the object, check to make sure this command returns at least one valid object.
WARNING: [Vivado 12-584] No ports matched 'pattern_adj[1]'. [C:/Users/ckenner/Desktop/CPE133-NoWinningAllowed-Finale/CPE133-NoWinningAllowed-Finale/VHDL_FILES/Game_Test_Const.xdc:36]
CRITICAL WARNING: [Common 17-55] 'set_property' expects at least one object. [C:/Users/ckenner/Desktop/CPE133-NoWinningAllowed-Finale/CPE133-NoWinningAllowed-Finale/VHDL_FILES/Game_Test_Const.xdc:36]
Resolution: If [get_<value>] was used to populate the object, check to make sure this command returns at least one valid object.
WARNING: [Vivado 12-584] No ports matched 'pattern_adj[2]'. [C:/Users/ckenner/Desktop/CPE133-NoWinningAllowed-Finale/CPE133-NoWinningAllowed-Finale/VHDL_FILES/Game_Test_Const.xdc:37]
CRITICAL WARNING: [Common 17-55] 'set_property' expects at least one object. [C:/Users/ckenner/Desktop/CPE133-NoWinningAllowed-Finale/CPE133-NoWinningAllowed-Finale/VHDL_FILES/Game_Test_Const.xdc:37]
Resolution: If [get_<value>] was used to populate the object, check to make sure this command returns at least one valid object.
WARNING: [Vivado 12-584] No ports matched 'pattern_adj[3]'. [C:/Users/ckenner/Desktop/CPE133-NoWinningAllowed-Finale/CPE133-NoWinningAllowed-Finale/VHDL_FILES/Game_Test_Const.xdc:38]
CRITICAL WARNING: [Common 17-55] 'set_property' expects at least one object. [C:/Users/ckenner/Desktop/CPE133-NoWinningAllowed-Finale/CPE133-NoWinningAllowed-Finale/VHDL_FILES/Game_Test_Const.xdc:38]
Resolution: If [get_<value>] was used to populate the object, check to make sure this command returns at least one valid object.
WARNING: [Vivado 12-584] No ports matched 'pattern_adj[4]'. [C:/Users/ckenner/Desktop/CPE133-NoWinningAllowed-Finale/CPE133-NoWinningAllowed-Finale/VHDL_FILES/Game_Test_Const.xdc:39]
CRITICAL WARNING: [Common 17-55] 'set_property' expects at least one object. [C:/Users/ckenner/Desktop/CPE133-NoWinningAllowed-Finale/CPE133-NoWinningAllowed-Finale/VHDL_FILES/Game_Test_Const.xdc:39]
Resolution: If [get_<value>] was used to populate the object, check to make sure this command returns at least one valid object.
WARNING: [Vivado 12-584] No ports matched 'pattern_adj[5]'. [C:/Users/ckenner/Desktop/CPE133-NoWinningAllowed-Finale/CPE133-NoWinningAllowed-Finale/VHDL_FILES/Game_Test_Const.xdc:40]
CRITICAL WARNING: [Common 17-55] 'set_property' expects at least one object. [C:/Users/ckenner/Desktop/CPE133-NoWinningAllowed-Finale/CPE133-NoWinningAllowed-Finale/VHDL_FILES/Game_Test_Const.xdc:40]
Resolution: If [get_<value>] was used to populate the object, check to make sure this command returns at least one valid object.
WARNING: [Vivado 12-584] No ports matched 'pattern_adj[6]'. [C:/Users/ckenner/Desktop/CPE133-NoWinningAllowed-Finale/CPE133-NoWinningAllowed-Finale/VHDL_FILES/Game_Test_Const.xdc:41]
CRITICAL WARNING: [Common 17-55] 'set_property' expects at least one object. [C:/Users/ckenner/Desktop/CPE133-NoWinningAllowed-Finale/CPE133-NoWinningAllowed-Finale/VHDL_FILES/Game_Test_Const.xdc:41]
Resolution: If [get_<value>] was used to populate the object, check to make sure this command returns at least one valid object.
WARNING: [Vivado 12-584] No ports matched 'pattern_adj[7]'. [C:/Users/ckenner/Desktop/CPE133-NoWinningAllowed-Finale/CPE133-NoWinningAllowed-Finale/VHDL_FILES/Game_Test_Const.xdc:42]
CRITICAL WARNING: [Common 17-55] 'set_property' expects at least one object. [C:/Users/ckenner/Desktop/CPE133-NoWinningAllowed-Finale/CPE133-NoWinningAllowed-Finale/VHDL_FILES/Game_Test_Const.xdc:42]
Resolution: If [get_<value>] was used to populate the object, check to make sure this command returns at least one valid object.
WARNING: [Vivado 12-584] No ports matched 'pattern_adj[8]'. [C:/Users/ckenner/Desktop/CPE133-NoWinningAllowed-Finale/CPE133-NoWinningAllowed-Finale/VHDL_FILES/Game_Test_Const.xdc:43]
CRITICAL WARNING: [Common 17-55] 'set_property' expects at least one object. [C:/Users/ckenner/Desktop/CPE133-NoWinningAllowed-Finale/CPE133-NoWinningAllowed-Finale/VHDL_FILES/Game_Test_Const.xdc:43]
Resolution: If [get_<value>] was used to populate the object, check to make sure this command returns at least one valid object.
WARNING: [Vivado 12-584] No ports matched 'pattern_adj[9]'. [C:/Users/ckenner/Desktop/CPE133-NoWinningAllowed-Finale/CPE133-NoWinningAllowed-Finale/VHDL_FILES/Game_Test_Const.xdc:44]
CRITICAL WARNING: [Common 17-55] 'set_property' expects at least one object. [C:/Users/ckenner/Desktop/CPE133-NoWinningAllowed-Finale/CPE133-NoWinningAllowed-Finale/VHDL_FILES/Game_Test_Const.xdc:44]
Resolution: If [get_<value>] was used to populate the object, check to make sure this command returns at least one valid object.
WARNING: [Vivado 12-584] No ports matched 'pattern_adj[10]'. [C:/Users/ckenner/Desktop/CPE133-NoWinningAllowed-Finale/CPE133-NoWinningAllowed-Finale/VHDL_FILES/Game_Test_Const.xdc:45]
CRITICAL WARNING: [Common 17-55] 'set_property' expects at least one object. [C:/Users/ckenner/Desktop/CPE133-NoWinningAllowed-Finale/CPE133-NoWinningAllowed-Finale/VHDL_FILES/Game_Test_Const.xdc:45]
Resolution: If [get_<value>] was used to populate the object, check to make sure this command returns at least one valid object.
WARNING: [Vivado 12-584] No ports matched 'pattern_adj[11]'. [C:/Users/ckenner/Desktop/CPE133-NoWinningAllowed-Finale/CPE133-NoWinningAllowed-Finale/VHDL_FILES/Game_Test_Const.xdc:46]
CRITICAL WARNING: [Common 17-55] 'set_property' expects at least one object. [C:/Users/ckenner/Desktop/CPE133-NoWinningAllowed-Finale/CPE133-NoWinningAllowed-Finale/VHDL_FILES/Game_Test_Const.xdc:46]
Resolution: If [get_<value>] was used to populate the object, check to make sure this command returns at least one valid object.
WARNING: [Vivado 12-584] No ports matched 'pattern_adj[12]'. [C:/Users/ckenner/Desktop/CPE133-NoWinningAllowed-Finale/CPE133-NoWinningAllowed-Finale/VHDL_FILES/Game_Test_Const.xdc:47]
CRITICAL WARNING: [Common 17-55] 'set_property' expects at least one object. [C:/Users/ckenner/Desktop/CPE133-NoWinningAllowed-Finale/CPE133-NoWinningAllowed-Finale/VHDL_FILES/Game_Test_Const.xdc:47]
Resolution: If [get_<value>] was used to populate the object, check to make sure this command returns at least one valid object.
WARNING: [Vivado 12-584] No ports matched 'pattern_adj[13]'. [C:/Users/ckenner/Desktop/CPE133-NoWinningAllowed-Finale/CPE133-NoWinningAllowed-Finale/VHDL_FILES/Game_Test_Const.xdc:48]
CRITICAL WARNING: [Common 17-55] 'set_property' expects at least one object. [C:/Users/ckenner/Desktop/CPE133-NoWinningAllowed-Finale/CPE133-NoWinningAllowed-Finale/VHDL_FILES/Game_Test_Const.xdc:48]
Resolution: If [get_<value>] was used to populate the object, check to make sure this command returns at least one valid object.
WARNING: [Vivado 12-584] No ports matched 'pattern_adj[14]'. [C:/Users/ckenner/Desktop/CPE133-NoWinningAllowed-Finale/CPE133-NoWinningAllowed-Finale/VHDL_FILES/Game_Test_Const.xdc:49]
CRITICAL WARNING: [Common 17-55] 'set_property' expects at least one object. [C:/Users/ckenner/Desktop/CPE133-NoWinningAllowed-Finale/CPE133-NoWinningAllowed-Finale/VHDL_FILES/Game_Test_Const.xdc:49]
Resolution: If [get_<value>] was used to populate the object, check to make sure this command returns at least one valid object.
WARNING: [Vivado 12-584] No ports matched 'pattern_adj[15]'. [C:/Users/ckenner/Desktop/CPE133-NoWinningAllowed-Finale/CPE133-NoWinningAllowed-Finale/VHDL_FILES/Game_Test_Const.xdc:50]
CRITICAL WARNING: [Common 17-55] 'set_property' expects at least one object. [C:/Users/ckenner/Desktop/CPE133-NoWinningAllowed-Finale/CPE133-NoWinningAllowed-Finale/VHDL_FILES/Game_Test_Const.xdc:50]
Resolution: If [get_<value>] was used to populate the object, check to make sure this command returns at least one valid object.
Finished Parsing XDC File [C:/Users/ckenner/Desktop/CPE133-NoWinningAllowed-Finale/CPE133-NoWinningAllowed-Finale/VHDL_FILES/Game_Test_Const.xdc]
Completed Processing XDC Constraints

INFO: [Opt 31-138] Pushed 0 inverter(s) to 0 load pin(s).
INFO: [Project 1-111] Unisim Transformation Summary:
No Unisim elements were transformed.

RTL Elaboration Complete:  : Time (s): cpu = 00:02:48 ; elapsed = 00:21:17 . Memory (MB): peak = 1166.852 ; gain = 958.871
58 Infos, 75 Warnings, 32 Critical Warnings and 0 Errors encountered.
synth_design completed successfully
synth_design: Time (s): cpu = 00:00:13 ; elapsed = 00:00:14 . Memory (MB): peak = 1166.852 ; gain = 50.395
close_design
remove_files C:/Users/ckenner/Desktop/CPE133-NoWinningAllowed-Finale/CPE133-NoWinningAllowed-Finale/Finale/Finale.srcs/sources_1/new/game_driver.vhd
reset_run synth_1
launch_runs synth_1
[Wed Dec 07 13:55:17 2016] Launched synth_1...
Run output will be captured here: C:/Users/ckenner/Desktop/CPE133-NoWinningAllowed-Finale/CPE133-NoWinningAllowed-Finale/Finale/Finale.runs/synth_1/runme.log
open_run synth_1 -name synth_1
Design is defaulting to impl run constrset: constrs_1
Design is defaulting to synth run part: xc7a35tcpg236-1
INFO: [Netlist 29-17] Analyzing 42 Unisim elements for replacement
INFO: [Netlist 29-28] Unisim Transformation completed in 0 CPU seconds
INFO: [Project 1-479] Netlist was created with Vivado 2016.2
INFO: [Project 1-570] Preparing netlist for logic optimization
Parsing XDC File [C:/Users/ckenner/Desktop/CPE133-NoWinningAllowed-Finale/CPE133-NoWinningAllowed-Finale/VHDL_FILES/Game_Test_Const.xdc]
Finished Parsing XDC File [C:/Users/ckenner/Desktop/CPE133-NoWinningAllowed-Finale/CPE133-NoWinningAllowed-Finale/VHDL_FILES/Game_Test_Const.xdc]
INFO: [Opt 31-138] Pushed 0 inverter(s) to 0 load pin(s).
INFO: [Project 1-111] Unisim Transformation Summary:
No Unisim elements were transformed.

open_run: Time (s): cpu = 00:00:09 ; elapsed = 00:00:09 . Memory (MB): peak = 1166.852 ; gain = 0.000
place_ports debug_leds_input T18
place_ports {raw_input[0]} W19
set_property package_pin "" [get_ports [list  {raw_input[1]}]]
startgroup
set_property package_pin "" [get_ports [list  reset]]
place_ports {raw_input[1]} U18
endgroup
place_ports {raw_input[2]} T17
set_property IOSTANDARD LVCMOS33 [get_ports [list {raw_input[0]}]]
set_property IOSTANDARD LVCMOS33 [get_ports [list {raw_input[1]}]]
set_property IOSTANDARD LVCMOS33 [get_ports [list {raw_input[2]}]]
place_ports reset U17
set_property IOSTANDARD LVCMOS33 [get_ports [list debug_leds_input]]
set_property target_constrs_file C:/Users/ckenner/Desktop/CPE133-NoWinningAllowed-Finale/CPE133-NoWinningAllowed-Finale/VHDL_FILES/Game_Test_Const.xdc [current_fileset -constrset]
save_constraints -force
close_design
exit
INFO: [Common 17-206] Exiting Vivado at Wed Dec 07 14:03:10 2016...
