#-----------------------------------------------------------
# Vivado v2016.2 (64-bit)
# SW Build 1577090 on Thu Jun  2 16:32:40 MDT 2016
# IP Build 1577682 on Fri Jun  3 12:00:54 MDT 2016
# Start of session at: Wed Dec 07 10:59:12 2016
# Process ID: 4572
# Current directory: C:/Users/ckenner/Desktop/CPE133-NoWinningAllowed-Finale (1)/CPE133-NoWinningAllowed-Finale/Finale
# Command line: vivado.exe -gui_launcher_event rodinguilauncherevent8792 C:\Users\ckenner\Desktop\CPE133-NoWinningAllowed-Finale (1)\CPE133-NoWinningAllowed-Finale\Finale\Finale.xpr
# Log file: C:/Users/ckenner/Desktop/CPE133-NoWinningAllowed-Finale (1)/CPE133-NoWinningAllowed-Finale/Finale/vivado.log
# Journal file: C:/Users/ckenner/Desktop/CPE133-NoWinningAllowed-Finale (1)/CPE133-NoWinningAllowed-Finale/Finale\vivado.jou
#-----------------------------------------------------------
start_gui
open_project {C:/Users/ckenner/Desktop/CPE133-NoWinningAllowed-Finale (1)/CPE133-NoWinningAllowed-Finale/Finale/Finale.xpr}
INFO: [ProjectBase 1-489] The host OS only allows 260 characters in a normal path. The project is stored in a path with more than 80 characters. If you experience issues with IP, Block Designs, or files not being found, please consider moving the project to a location with a shorter path. Alternately consider using the OS subst command to map part of the path to a drive letter.
Current project path is 'C:/Users/ckenner/Desktop/CPE133-NoWinningAllowed-Finale (1)/CPE133-NoWinningAllowed-Finale/Finale'
INFO: [Project 1-313] Project file moved from '/home/brett/Programming/School/CPE_133/CPE133-NoWinningAllowed/Finale' since last save.
Scanning sources...
Finished scanning sources
WARNING: [filemgmt 56-2] IPUserFilesDir: Could not find the directory 'C:/Users/ckenner/Desktop/CPE133-NoWinningAllowed-Finale (1)/CPE133-NoWinningAllowed-Finale/Finale/Finale.ip_user_files', nor could it be found using path 'C:/home/brett/Programming/School/CPE_133/CPE133-NoWinningAllowed/Finale/Finale.ip_user_files'.
INFO: [IP_Flow 19-234] Refreshing IP repositories
INFO: [IP_Flow 19-1704] No user IP repositories specified
INFO: [IP_Flow 19-2313] Loaded Vivado IP repository 'C:/Xilinx/Vivado/2016.2/data/ip'.
open_project: Time (s): cpu = 00:00:13 ; elapsed = 00:00:14 . Memory (MB): peak = 708.789 ; gain = 69.895
update_compile_order -fileset sources_1
exit
INFO: [Common 17-206] Exiting Vivado at Wed Dec 07 11:01:47 2016...
