
*** Running vivado
    with args -log Display_Key.vds -m64 -mode batch -messageDb vivado.pb -notrace -source Display_Key.tcl


****** Vivado v2016.2 (64-bit)
  **** SW Build 1577090 on Thu Jun  2 16:32:40 MDT 2016
  **** IP Build 1577682 on Fri Jun  3 12:00:54 MDT 2016
    ** Copyright 1986-2016 Xilinx, Inc. All Rights Reserved.

source Display_Key.tcl -notrace
Command: synth_design -top Display_Key -part xc7a35tcpg236-1
Starting synth_design
Attempting to get a license for feature 'Synthesis' and/or device 'xc7a35t'
INFO: [Common 17-349] Got license for feature 'Synthesis' and/or device 'xc7a35t'
INFO: Launching helper process for spawning children vivado processes
INFO: Helper process launched with PID 4528 
---------------------------------------------------------------------------------
Starting Synthesize : Time (s): cpu = 00:00:03 ; elapsed = 00:00:05 . Memory (MB): peak = 272.848 ; gain = 65.941
---------------------------------------------------------------------------------
ERROR: [Synth 8-2715] syntax error near end [C:/Users/violi/Desktop/CPE 133 Project/CPE133-NoWinningAllowed/Seven_Seg_Display_Easy/Seven_Seg_Display_Easy.srcs/sources_1/new/Display_Key.vhd:54]
INFO: [Synth 8-2810] unit behavioral ignored due to previous errors [C:/Users/violi/Desktop/CPE 133 Project/CPE133-NoWinningAllowed/Seven_Seg_Display_Easy/Seven_Seg_Display_Easy.srcs/sources_1/new/Display_Key.vhd:42]
---------------------------------------------------------------------------------
Finished Synthesize : Time (s): cpu = 00:00:04 ; elapsed = 00:00:05 . Memory (MB): peak = 308.332 ; gain = 101.426
---------------------------------------------------------------------------------
synthesize failed
INFO: [Common 17-83] Releasing license: Synthesis
3 Infos, 0 Warnings, 0 Critical Warnings and 2 Errors encountered.
synth_design failed
ERROR: [Common 17-69] Command failed: Vivado Synthesis failed
INFO: [Common 17-206] Exiting Vivado at Sun Dec 04 20:25:58 2016...
