#-----------------------------------------------------------
# Vivado v2016.2 (64-bit)
# SW Build 1577090 on Thu Jun  2 16:32:40 MDT 2016
# IP Build 1577682 on Fri Jun  3 12:00:54 MDT 2016
# Start of session at: Fri Dec 09 01:49:30 2016
# Process ID: 204
# Current directory: C:/Users/violi/Desktop/CPE 133 Project/CPE133-NoWinningAllowed/CPE133-NoWinningAllowed-Finale/Finale
# Command line: vivado.exe -gui_launcher_event rodinguilauncherevent5072 C:\Users\violi\Desktop\CPE 133 Project\CPE133-NoWinningAllowed\CPE133-NoWinningAllowed-Finale\Finale\Finale.xpr
# Log file: C:/Users/violi/Desktop/CPE 133 Project/CPE133-NoWinningAllowed/CPE133-NoWinningAllowed-Finale/Finale/vivado.log
# Journal file: C:/Users/violi/Desktop/CPE 133 Project/CPE133-NoWinningAllowed/CPE133-NoWinningAllowed-Finale/Finale\vivado.jou
#-----------------------------------------------------------
start_gui
open_project {C:/Users/violi/Desktop/CPE 133 Project/CPE133-NoWinningAllowed/CPE133-NoWinningAllowed-Finale/Finale/Finale.xpr}
INFO: [ProjectBase 1-489] The host OS only allows 260 characters in a normal path. The project is stored in a path with more than 80 characters. If you experience issues with IP, Block Designs, or files not being found, please consider moving the project to a location with a shorter path. Alternately consider using the OS subst command to map part of the path to a drive letter.
Current project path is 'C:/Users/violi/Desktop/CPE 133 Project/CPE133-NoWinningAllowed/CPE133-NoWinningAllowed-Finale/Finale'
Scanning sources...
Finished scanning sources
INFO: [IP_Flow 19-234] Refreshing IP repositories
INFO: [IP_Flow 19-1704] No user IP repositories specified
INFO: [IP_Flow 19-2313] Loaded Vivado IP repository 'D:/Vivado/2016.2/data/ip'.
update_compile_order -fileset sources_1
1704] No user IP repositories specified
INFO: [IP_Flow 19-2313] Loaded Vivado IP repository 'D:/Vivado/2016.2/data/ip'.
open_project: Time (s): cpu = 00:00:10 ; elapsed = 00:00:05 . Memory (MB): peak = 765.164 ; gain = 134.234
update_compile_order -fileset sources_1
