#-----------------------------------------------------------
# Vivado v2016.2 (64-bit)
# SW Build 1577090 on Thu Jun  2 16:32:40 MDT 2016
# IP Build 1577682 on Fri Jun  3 12:00:54 MDT 2016
# Start of session at: Mon Dec 05 07:54:02 2016
# Process ID: 8712
# Current directory: C:/Users/ckenner/Desktop/CPE133-NoWinningAllowed-master/CPE133-NoWinningAllowed-master/Seven_Seg_Display_Easy
# Command line: vivado.exe -gui_launcher_event rodinguilauncherevent7464 C:\Users\ckenner\Desktop\CPE133-NoWinningAllowed-master\CPE133-NoWinningAllowed-master\Seven_Seg_Display_Easy\Seven_Seg_Display_Easy.xpr
# Log file: C:/Users/ckenner/Desktop/CPE133-NoWinningAllowed-master/CPE133-NoWinningAllowed-master/Seven_Seg_Display_Easy/vivado.log
# Journal file: C:/Users/ckenner/Desktop/CPE133-NoWinningAllowed-master/CPE133-NoWinningAllowed-master/Seven_Seg_Display_Easy\vivado.jou
#-----------------------------------------------------------
start_gui
open_project C:/Users/ckenner/Desktop/CPE133-NoWinningAllowed-master/CPE133-NoWinningAllowed-master/Seven_Seg_Display_Easy/Seven_Seg_Display_Easy.xpr
INFO: [ProjectBase 1-489] The host OS only allows 260 characters in a normal path. The project is stored in a path with more than 80 characters. If you experience issues with IP, Block Designs, or files not being found, please consider moving the project to a location with a shorter path. Alternately consider using the OS subst command to map part of the path to a drive letter.
Current project path is 'C:/Users/ckenner/Desktop/CPE133-NoWinningAllowed-master/CPE133-NoWinningAllowed-master/Seven_Seg_Display_Easy'
INFO: [Project 1-313] Project file moved from 'C:/Users/violi/Desktop/CPE 133 Project/CPE133-NoWinningAllowed/Seven_Seg_Display_Easy' since last save.
Scanning sources...
Finished scanning sources
WARNING: [filemgmt 56-2] IPUserFilesDir: Could not find the directory 'C:/Users/ckenner/Desktop/CPE133-NoWinningAllowed-master/CPE133-NoWinningAllowed-master/Seven_Seg_Display_Easy/Seven_Seg_Display_Easy.ip_user_files', nor could it be found using path 'C:/Users/violi/Desktop/CPE 133 Project/CPE133-NoWinningAllowed/Seven_Seg_Display_Easy/Seven_Seg_Display_Easy.ip_user_files'.
INFO: [IP_Flow 19-234] Refreshing IP repositories
INFO: [IP_Flow 19-1704] No user IP repositories specified
INFO: [IP_Flow 19-2313] Loaded Vivado IP repository 'C:/Xilinx/Vivado/2016.2/data/ip'.
update_compile_order -fileset sources_1
file mkdir C:/Users/ckenner/Desktop/CPE133-NoWinningAllowed-master/CPE133-NoWinningAllowed-master/Seven_Seg_Display_Easy/Seven_Seg_Display_Easy.srcs/constrs_1
file mkdir C:/Users/ckenner/Desktop/CPE133-NoWinningAllowed-master/CPE133-NoWinningAllowed-master/Seven_Seg_Display_Easy/Seven_Seg_Display_Easy.srcs/constrs_1/new
close [ open C:/Users/ckenner/Desktop/CPE133-NoWinningAllowed-master/CPE133-NoWinningAllowed-master/Seven_Seg_Display_Easy/Seven_Seg_Display_Easy.srcs/constrs_1/new/constraints.xdc w ]
add_files -fileset constrs_1 C:/Users/ckenner/Desktop/CPE133-NoWinningAllowed-master/CPE133-NoWinningAllowed-master/Seven_Seg_Display_Easy/Seven_Seg_Display_Easy.srcs/constrs_1/new/constraints.xdc
launch_runs impl_1 -to_step write_bitstream
[Mon Dec 05 08:01:23 2016] Launched synth_1...
Run output will be captured here: C:/Users/ckenner/Desktop/CPE133-NoWinningAllowed-master/CPE133-NoWinningAllowed-master/Seven_Seg_Display_Easy/Seven_Seg_Display_Easy.runs/synth_1/runme.log
[Mon Dec 05 08:01:23 2016] Launched impl_1...
Run output will be captured here: C:/Users/ckenner/Desktop/CPE133-NoWinningAllowed-master/CPE133-NoWinningAllowed-master/Seven_Seg_Display_Easy/Seven_Seg_Display_Easy.runs/impl_1/runme.log
reset_run synth_1
launch_runs impl_1
[Mon Dec 05 08:02:53 2016] Launched synth_1...
Run output will be captured here: C:/Users/ckenner/Desktop/CPE133-NoWinningAllowed-master/CPE133-NoWinningAllowed-master/Seven_Seg_Display_Easy/Seven_Seg_Display_Easy.runs/synth_1/runme.log
[Mon Dec 05 08:02:53 2016] Launched impl_1...
Run output will be captured here: C:/Users/ckenner/Desktop/CPE133-NoWinningAllowed-master/CPE133-NoWinningAllowed-master/Seven_Seg_Display_Easy/Seven_Seg_Display_Easy.runs/impl_1/runme.log
reset_run synth_1
launch_runs synth_1
INFO: [HDL 9-1061] Parsing VHDL file "C:/Users/ckenner/Desktop/CPE133-NoWinningAllowed-master/CPE133-NoWinningAllowed-master/Seven_Seg_Display_Easy/Seven_Seg_Display_Easy.srcs/sources_1/new/Display_Key.vhd" into library xil_defaultlib [C:/Users/ckenner/Desktop/CPE133-NoWinningAllowed-master/CPE133-NoWinningAllowed-master/Seven_Seg_Display_Easy/Seven_Seg_Display_Easy.srcs/sources_1/new/Display_Key.vhd:1]
[Mon Dec 05 08:05:48 2016] Launched synth_1...
Run output will be captured here: C:/Users/ckenner/Desktop/CPE133-NoWinningAllowed-master/CPE133-NoWinningAllowed-master/Seven_Seg_Display_Easy/Seven_Seg_Display_Easy.runs/synth_1/runme.log
reset_run synth_1
launch_runs impl_1
[Mon Dec 05 08:07:42 2016] Launched synth_1...
Run output will be captured here: C:/Users/ckenner/Desktop/CPE133-NoWinningAllowed-master/CPE133-NoWinningAllowed-master/Seven_Seg_Display_Easy/Seven_Seg_Display_Easy.runs/synth_1/runme.log
[Mon Dec 05 08:07:42 2016] Launched impl_1...
Run output will be captured here: C:/Users/ckenner/Desktop/CPE133-NoWinningAllowed-master/CPE133-NoWinningAllowed-master/Seven_Seg_Display_Easy/Seven_Seg_Display_Easy.runs/impl_1/runme.log
reset_run synth_1
launch_runs synth_1
INFO: [HDL 9-1061] Parsing VHDL file "C:/Users/ckenner/Desktop/CPE133-NoWinningAllowed-master/CPE133-NoWinningAllowed-master/Seven_Seg_Display_Easy/Seven_Seg_Display_Easy.srcs/sources_1/new/Display_Key.vhd" into library xil_defaultlib [C:/Users/ckenner/Desktop/CPE133-NoWinningAllowed-master/CPE133-NoWinningAllowed-master/Seven_Seg_Display_Easy/Seven_Seg_Display_Easy.srcs/sources_1/new/Display_Key.vhd:1]
[Mon Dec 05 08:23:54 2016] Launched synth_1...
Run output will be captured here: C:/Users/ckenner/Desktop/CPE133-NoWinningAllowed-master/CPE133-NoWinningAllowed-master/Seven_Seg_Display_Easy/Seven_Seg_Display_Easy.runs/synth_1/runme.log
launch_runs impl_1
[Mon Dec 05 08:24:30 2016] Launched impl_1...
Run output will be captured here: C:/Users/ckenner/Desktop/CPE133-NoWinningAllowed-master/CPE133-NoWinningAllowed-master/Seven_Seg_Display_Easy/Seven_Seg_Display_Easy.runs/impl_1/runme.log
reset_run synth_1
launch_runs impl_1
[Mon Dec 05 08:29:44 2016] Launched synth_1...
Run output will be captured here: C:/Users/ckenner/Desktop/CPE133-NoWinningAllowed-master/CPE133-NoWinningAllowed-master/Seven_Seg_Display_Easy/Seven_Seg_Display_Easy.runs/synth_1/runme.log
[Mon Dec 05 08:29:44 2016] Launched impl_1...
Run output will be captured here: C:/Users/ckenner/Desktop/CPE133-NoWinningAllowed-master/CPE133-NoWinningAllowed-master/Seven_Seg_Display_Easy/Seven_Seg_Display_Easy.runs/impl_1/runme.log
close [ open C:/Users/ckenner/Desktop/CPE133-NoWinningAllowed-master/CPE133-NoWinningAllowed-master/Seven_Seg_Display_Easy/Seven_Seg_Display_Easy.srcs/sources_1/new/Display_Source.vhd w ]
add_files C:/Users/ckenner/Desktop/CPE133-NoWinningAllowed-master/CPE133-NoWinningAllowed-master/Seven_Seg_Display_Easy/Seven_Seg_Display_Easy.srcs/sources_1/new/Display_Source.vhd
update_compile_order -fileset sources_1
close [ open C:/Users/ckenner/Desktop/CPE133-NoWinningAllowed-master/CPE133-NoWinningAllowed-master/Seven_Seg_Display_Easy/Seven_Seg_Display_Easy.srcs/sources_1/new/Word_Key.vhd w ]
add_files C:/Users/ckenner/Desktop/CPE133-NoWinningAllowed-master/CPE133-NoWinningAllowed-master/Seven_Seg_Display_Easy/Seven_Seg_Display_Easy.srcs/sources_1/new/Word_Key.vhd
update_compile_order -fileset sources_1
update_compile_order -fileset sources_1
update_compile_order -fileset sim_1
update_compile_order -fileset sources_1
update_compile_order -fileset sources_1
reset_run synth_1
launch_runs impl_1
[Mon Dec 05 09:46:25 2016] Launched synth_1...
Run output will be captured here: C:/Users/ckenner/Desktop/CPE133-NoWinningAllowed-master/CPE133-NoWinningAllowed-master/Seven_Seg_Display_Easy/Seven_Seg_Display_Easy.runs/synth_1/runme.log
[Mon Dec 05 09:46:25 2016] Launched impl_1...
Run output will be captured here: C:/Users/ckenner/Desktop/CPE133-NoWinningAllowed-master/CPE133-NoWinningAllowed-master/Seven_Seg_Display_Easy/Seven_Seg_Display_Easy.runs/impl_1/runme.log
reset_run synth_1
launch_runs impl_1
[Mon Dec 05 09:50:05 2016] Launched synth_1...
Run output will be captured here: C:/Users/ckenner/Desktop/CPE133-NoWinningAllowed-master/CPE133-NoWinningAllowed-master/Seven_Seg_Display_Easy/Seven_Seg_Display_Easy.runs/synth_1/runme.log
[Mon Dec 05 09:50:05 2016] Launched impl_1...
Run output will be captured here: C:/Users/ckenner/Desktop/CPE133-NoWinningAllowed-master/CPE133-NoWinningAllowed-master/Seven_Seg_Display_Easy/Seven_Seg_Display_Easy.runs/impl_1/runme.log
reset_run impl_1 -noclean_dir 
reset_run synth_1
launch_runs impl_1
[Mon Dec 05 09:50:57 2016] Launched synth_1...
Run output will be captured here: C:/Users/ckenner/Desktop/CPE133-NoWinningAllowed-master/CPE133-NoWinningAllowed-master/Seven_Seg_Display_Easy/Seven_Seg_Display_Easy.runs/synth_1/runme.log
[Mon Dec 05 09:50:57 2016] Launched impl_1...
Run output will be captured here: C:/Users/ckenner/Desktop/CPE133-NoWinningAllowed-master/CPE133-NoWinningAllowed-master/Seven_Seg_Display_Easy/Seven_Seg_Display_Easy.runs/impl_1/runme.log
reset_run impl_1 -noclean_dir 
reset_run synth_1
launch_runs impl_1
[Mon Dec 05 09:51:56 2016] Launched synth_1...
Run output will be captured here: C:/Users/ckenner/Desktop/CPE133-NoWinningAllowed-master/CPE133-NoWinningAllowed-master/Seven_Seg_Display_Easy/Seven_Seg_Display_Easy.runs/synth_1/runme.log
[Mon Dec 05 09:51:56 2016] Launched impl_1...
Run output will be captured here: C:/Users/ckenner/Desktop/CPE133-NoWinningAllowed-master/CPE133-NoWinningAllowed-master/Seven_Seg_Display_Easy/Seven_Seg_Display_Easy.runs/impl_1/runme.log
reset_run synth_1
launch_runs impl_1
[Mon Dec 05 09:53:21 2016] Launched synth_1...
Run output will be captured here: C:/Users/ckenner/Desktop/CPE133-NoWinningAllowed-master/CPE133-NoWinningAllowed-master/Seven_Seg_Display_Easy/Seven_Seg_Display_Easy.runs/synth_1/runme.log
[Mon Dec 05 09:53:21 2016] Launched impl_1...
Run output will be captured here: C:/Users/ckenner/Desktop/CPE133-NoWinningAllowed-master/CPE133-NoWinningAllowed-master/Seven_Seg_Display_Easy/Seven_Seg_Display_Easy.runs/impl_1/runme.log
reset_run synth_1
launch_runs impl_1
[Mon Dec 05 09:54:59 2016] Launched synth_1...
Run output will be captured here: C:/Users/ckenner/Desktop/CPE133-NoWinningAllowed-master/CPE133-NoWinningAllowed-master/Seven_Seg_Display_Easy/Seven_Seg_Display_Easy.runs/synth_1/runme.log
[Mon Dec 05 09:54:59 2016] Launched impl_1...
Run output will be captured here: C:/Users/ckenner/Desktop/CPE133-NoWinningAllowed-master/CPE133-NoWinningAllowed-master/Seven_Seg_Display_Easy/Seven_Seg_Display_Easy.runs/impl_1/runme.log
launch_runs impl_1 -to_step write_bitstream
[Mon Dec 05 09:56:20 2016] Launched impl_1...
Run output will be captured here: C:/Users/ckenner/Desktop/CPE133-NoWinningAllowed-master/CPE133-NoWinningAllowed-master/Seven_Seg_Display_Easy/Seven_Seg_Display_Easy.runs/impl_1/runme.log
reset_run synth_1
launch_runs impl_1
[Mon Dec 05 09:58:17 2016] Launched synth_1...
Run output will be captured here: C:/Users/ckenner/Desktop/CPE133-NoWinningAllowed-master/CPE133-NoWinningAllowed-master/Seven_Seg_Display_Easy/Seven_Seg_Display_Easy.runs/synth_1/runme.log
[Mon Dec 05 09:58:17 2016] Launched impl_1...
Run output will be captured here: C:/Users/ckenner/Desktop/CPE133-NoWinningAllowed-master/CPE133-NoWinningAllowed-master/Seven_Seg_Display_Easy/Seven_Seg_Display_Easy.runs/impl_1/runme.log
launch_runs impl_1 -to_step write_bitstream
[Mon Dec 05 09:59:38 2016] Launched impl_1...
Run output will be captured here: C:/Users/ckenner/Desktop/CPE133-NoWinningAllowed-master/CPE133-NoWinningAllowed-master/Seven_Seg_Display_Easy/Seven_Seg_Display_Easy.runs/impl_1/runme.log
open_hw
connect_hw_server
INFO: [Labtools 27-2285] Connecting to hw_server url TCP:localhost:3121
INFO: [Labtools 27-2222] Launching hw_server...
INFO: [Labtools 27-2221] Launch Output:

****** Xilinx hw_server v2016.2
  **** Build date : Jun  2 2016-16:57:03
    ** Copyright 1986-2016 Xilinx, Inc. All Rights Reserved.


open_hw_target
INFO: [Labtoolstcl 44-466] Opening hw_target localhost:3121/xilinx_tcf/Digilent/210183712032A
set_property PROGRAM.FILE {C:/Users/ckenner/Desktop/CPE133-NoWinningAllowed-master/CPE133-NoWinningAllowed-master/Seven_Seg_Display_Easy/Seven_Seg_Display_Easy.runs/impl_1/Display_Source.bit} [lindex [get_hw_devices] 0]
current_hw_device [lindex [get_hw_devices] 0]
refresh_hw_device -update_hw_probes false [lindex [get_hw_devices] 0]
INFO: [Labtools 27-1435] Device xc7a35t (JTAG device index = 0) is not programmed (DONE status = 0).
set_property PROBES.FILE {} [lindex [get_hw_devices] 0]
set_property PROGRAM.FILE {C:/Users/ckenner/Desktop/CPE133-NoWinningAllowed-master/CPE133-NoWinningAllowed-master/Seven_Seg_Display_Easy/Seven_Seg_Display_Easy.runs/impl_1/Display_Source.bit} [lindex [get_hw_devices] 0]
program_hw_devices [lindex [get_hw_devices] 0]
INFO: [Labtools 27-3164] End of startup status: HIGH
refresh_hw_device [lindex [get_hw_devices] 0]
INFO: [Labtools 27-1434] Device xc7a35t (JTAG device index = 0) is programmed with a design that has no supported debug core(s) in it.
WARNING: [Labtools 27-3123] The debug hub core was not detected at User Scan Chain 1 or 3.
Resolution: 
1. Make sure the clock connected to the debug hub (dbg_hub) core is a free running clock and is active OR
2. Manually launch hw_server with -e "set xsdb-user-bscan <C_USER_SCAN_CHAIN scan_chain_number>" to detect the debug hub at User Scan Chain of 2 or 4. To determine the user scan chain setting, open the implemented design and use: get_property C_USER_SCAN_CHAIN [get_debug_cores dbg_hub].
