#-----------------------------------------------------------
# Vivado v2016.2 (64-bit)
# SW Build 1577090 on Thu Jun  2 16:32:40 MDT 2016
# IP Build 1577682 on Fri Jun  3 12:00:54 MDT 2016
# Start of session at: Sun Dec 04 14:28:10 2016
# Process ID: 9588
# Current directory: E:/button_switch
# Command line: vivado.exe -gui_launcher_event rodinguilauncherevent3404 E:\button_switch\button_switch.xpr
# Log file: E:/button_switch/vivado.log
# Journal file: E:/button_switch\vivado.jou
#-----------------------------------------------------------
start_gui
open_project E:/button_switch/button_switch.xpr
Scanning sources...
Finished scanning sources
INFO: [IP_Flow 19-234] Refreshing IP repositories
INFO: [IP_Flow 19-1704] No user IP repositories specified
INFO: [IP_Flow 19-2313] Loaded Vivado IP repository 'D:/Vivado/2016.2/data/ip'.
open_project: Time (s): cpu = 00:00:10 ; elapsed = 00:00:18 . Memory (MB): peak = 701.109 ; gain = 99.910
update_compile_order -fileset sources_1
